INFO: latexindent version 3.8.3, 2020-11-06, a script to indent .tex files
      latexindent lives here: /usr/share/texlive/texmf-dist/scripts/latexindent/
      Mon Oct  4 12:19:54 2021
      Filename: capitolo-ModelloMatematico.tex
INFO: Processing switches:
      -w|--overwrite: Overwrite mode active, will make a back up of capitolo-ModelloMatematico.tex first
INFO: Directory for backup files and indent.log: .
INFO: YAML settings read: defaultSettings.yaml
      Reading defaultSettings.yaml from /usr/share/texlive/texmf-dist/scripts/latexindent/defaultSettings.yaml
INFO: YAML settings read: indentconfig.yaml or .indentconfig.yaml
      Home directory is /home/alfy (didn't find either indentconfig.yaml or .indentconfig.yaml)
      To specify user settings you would put indentconfig.yaml here: /home/alfy/indentconfig.yaml
      Alternatively, you can use the hidden file .indentconfig.yaml as: /home/alfy/.indentconfig.yaml
INFO: Backup procedure (-w flag active):
      copying capitolo-ModelloMatematico.tex to ./capitolo-ModelloMatematico.bak0
      Backup file: ./capitolo-ModelloMatematico.bak0
      capitolo-ModelloMatematico.tex will be overwritten after indentation
INFO: Phase 1: searching for objects
INFO: Phase 2: finding surrounding indentation
INFO: Phase 3: indenting objects
INFO: Phase 4: final indentation check
INFO: Output routine:
      Overwriting file capitolo-ModelloMatematico.tex
      --------------
INFO: Please direct all communication/issues to:
      https://github.com/cmhughes/latexindent.pl
