\BOOKMARK [0][-]{chapter*.2}{Ringraziamenti}{}% 1
\BOOKMARK [0][-]{chapter*.3}{Introduzione}{}% 2
\BOOKMARK [0][-]{chapter.1}{Elementi Costitutivi}{}% 3
\BOOKMARK [1][-]{section.1.1}{Trasformatore}{chapter.1}% 4
\BOOKMARK [1][-]{section.1.2}{Sensore di Corrente}{chapter.1}% 5
\BOOKMARK [2][-]{subsection.1.2.1}{Metodo di acquisizione}{section.1.2}% 6
\BOOKMARK [1][-]{section.1.3}{Driver di Corrente - IBT-2}{chapter.1}% 7
\BOOKMARK [2][-]{subsection.1.3.1}{Connessione di Controllo}{section.1.3}% 8
\BOOKMARK [2][-]{subsection.1.3.2}{Benchmark Driver}{section.1.3}% 9
\BOOKMARK [0][-]{chapter.2}{Catena di Acquisizione}{}% 10
\BOOKMARK [1][-]{section.2.1}{Schema di acquisizione}{chapter.2}% 11
\BOOKMARK [2][-]{subsection.2.1.1}{Sample and Hold alla frequenza di campionamento}{section.2.1}% 12
\BOOKMARK [2][-]{subsection.2.1.2}{Storage su file delle informazioni}{section.2.1}% 13
\BOOKMARK [1][-]{section.2.2}{Embedded Message Pack \(EMP\)}{chapter.2}% 14
\BOOKMARK [2][-]{subsection.2.2.1}{Metodo di codifica}{section.2.2}% 15
\BOOKMARK [2][-]{subsection.2.2.2}{Struttura del codice}{section.2.2}% 16
\BOOKMARK [2][-]{subsection.2.2.3}{Benchmark}{section.2.2}% 17
\BOOKMARK [1][-]{section.2.3}{Post Elaborazione con Matlab}{chapter.2}% 18
\BOOKMARK [0][-]{chapter.3}{Modello teorico}{}% 19
\BOOKMARK [1][-]{section.3.1}{Modellazione Fisica}{chapter.3}% 20
\BOOKMARK [1][-]{section.3.2}{Funzione di trasferimento}{chapter.3}% 21
\BOOKMARK [0][-]{chapter.4}{Controllo in Retroazione dall'uscita}{}% 22
\BOOKMARK [1][-]{section.4.1}{Modello di controllore}{chapter.4}% 23
\BOOKMARK [1][-]{section.4.2}{Esperimenti}{chapter.4}% 24
\BOOKMARK [0][-]{chapter.5}{Conclusioni e sviluppi futuri}{}% 25
\BOOKMARK [0][-]{chapter*.6}{Appendice A - Codice Arduino}{}% 26
\BOOKMARK [1][-]{section.5.1}{Setup Registri}{chapter*.6}% 27
\BOOKMARK [1][-]{section.5.2}{Generatore di Segnale}{chapter*.6}% 28
\BOOKMARK [2][-]{subsection.5.2.1}{Segnali Base}{section.5.2}% 29
\BOOKMARK [2][-]{subsection.5.2.2}{Segnali Composti}{section.5.2}% 30
\BOOKMARK [0][-]{chapter*.10}{Appendice B - Codice EMP}{}% 31
\BOOKMARK [0][-]{chapter*.11}{Appendice C - Matlab Post Elaboration}{}% 32
\BOOKMARK [0][-]{chapter*.11}{Elenco delle figure}{}% 33
