This is pdfTeX, Version 3.14159265-2.6-1.40.21 (TeX Live 2020/Debian) (preloaded format=pdflatex 2021.9.11)  9 OCT 2021 01:02
entering extended mode
 restricted \write18 enabled.
 %&-line parsing enabled.
**Tesi.tex
(./Tesi.tex
LaTeX2e <2020-10-01> patch level 4
L3 programming layer <2021-01-09> xparse <2020-03-03>
(/usr/share/texlive/texmf-dist/tex/latex/base/report.cls
Document Class: report 2020/04/10 v1.4m Standard LaTeX document class
(/usr/share/texlive/texmf-dist/tex/latex/base/size10.clo
File: size10.clo 2020/04/10 v1.4m Standard LaTeX file (size option)
)
\c@part=\count177
\c@chapter=\count178
\c@section=\count179
\c@subsection=\count180
\c@subsubsection=\count181
\c@paragraph=\count182
\c@subparagraph=\count183
\c@figure=\count184
\c@table=\count185
\abovecaptionskip=\skip47
\belowcaptionskip=\skip48
\bibindent=\dimen138
)
(/usr/share/texlive/texmf-dist/tex/latex/base/inputenc.sty
Package: inputenc 2020/08/01 v1.3d Input encoding file
\inpenc@prehook=\toks15
\inpenc@posthook=\toks16
)
(/usr/share/texlive/texmf-dist/tex/generic/babel/babel.sty
Package: babel 2021/01/26 3.53 The Babel package

(/usr/share/texlive/texmf-dist/tex/generic/babel/babel.def
File: babel.def 2021/01/26 3.53 Babel common definitions
\babel@savecnt=\count186
\U@D=\dimen139
\l@babelnohyphens=\language86

(/usr/share/texlive/texmf-dist/tex/generic/babel/txtbabel.def)
\bbl@readstream=\read2
)
\bbl@dirlevel=\count187

(/usr/share/texlive/texmf-dist/tex/generic/babel-italian/italian.ldf
Language: italian 2020/05/21 v.1.4.04 Italian support for the babel system
\it@lettering=\count188
\it@doublequoteactive=\count189
\it@ISOcompliance=\count190
))
(/usr/share/texlive/texmf-dist/tex/latex/etoolbox/etoolbox.sty
Package: etoolbox 2020/10/05 v2.5k e-TeX tools for LaTeX (JAW)
\etb@tempcnta=\count191
)
(/usr/share/texlive/texmf-dist/tex/latex/base/fontenc.sty
Package: fontenc 2020/08/10 v2.0s Standard LaTeX package
)
(/usr/share/texlive/texmf-dist/tex/latex/graphics/graphicx.sty
Package: graphicx 2020/09/09 v1.2b Enhanced LaTeX Graphics (DPC,SPQR)

(/usr/share/texlive/texmf-dist/tex/latex/graphics/keyval.sty
Package: keyval 2014/10/28 v1.15 key=value parser (DPC)
\KV@toks@=\toks17
)
(/usr/share/texlive/texmf-dist/tex/latex/graphics/graphics.sty
Package: graphics 2020/08/30 v1.4c Standard LaTeX Graphics (DPC,SPQR)

(/usr/share/texlive/texmf-dist/tex/latex/graphics/trig.sty
Package: trig 2016/01/03 v1.10 sin cos tan (DPC)
)
(/usr/share/texlive/texmf-dist/tex/latex/graphics-cfg/graphics.cfg
File: graphics.cfg 2016/06/04 v1.11 sample graphics configuration
)
Package graphics Info: Driver file: pdftex.def on input line 105.

(/usr/share/texlive/texmf-dist/tex/latex/graphics-def/pdftex.def
File: pdftex.def 2020/10/05 v1.2a Graphics/color driver for pdftex
))
\Gin@req@height=\dimen140
\Gin@req@width=\dimen141
)
(/usr/share/texlive/texmf-dist/tex/latex/float/float.sty
Package: float 2001/11/08 v1.3d Float enhancements (AL)
\c@float@type=\count192
\float@exts=\toks18
\float@box=\box47
\@float@everytoks=\toks19
\@floatcapt=\box48
)
(/usr/share/texlive/texmf-dist/tex/latex/amsmath/amsmath.sty
Package: amsmath 2020/09/23 v2.17i AMS math features
\@mathmargin=\skip49

For additional information on amsmath, use the `?' option.
(/usr/share/texlive/texmf-dist/tex/latex/amsmath/amstext.sty
Package: amstext 2000/06/29 v2.01 AMS text

(/usr/share/texlive/texmf-dist/tex/latex/amsmath/amsgen.sty
File: amsgen.sty 1999/11/30 v2.0 generic functions
\@emptytoks=\toks20
\ex@=\dimen142
))
(/usr/share/texlive/texmf-dist/tex/latex/amsmath/amsbsy.sty
Package: amsbsy 1999/11/29 v1.2d Bold Symbols
\pmbraise@=\dimen143
)
(/usr/share/texlive/texmf-dist/tex/latex/amsmath/amsopn.sty
Package: amsopn 2016/03/08 v2.02 operator names
)
\inf@bad=\count193
LaTeX Info: Redefining \frac on input line 234.
\uproot@=\count194
\leftroot@=\count195
LaTeX Info: Redefining \overline on input line 399.
\classnum@=\count196
\DOTSCASE@=\count197
LaTeX Info: Redefining \ldots on input line 496.
LaTeX Info: Redefining \dots on input line 499.
LaTeX Info: Redefining \cdots on input line 620.
\Mathstrutbox@=\box49
\strutbox@=\box50
\big@size=\dimen144
LaTeX Font Info:    Redeclaring font encoding OML on input line 743.
LaTeX Font Info:    Redeclaring font encoding OMS on input line 744.
\macc@depth=\count198
\c@MaxMatrixCols=\count199
\dotsspace@=\muskip16
\c@parentequation=\count266
\dspbrk@lvl=\count267
\tag@help=\toks21
\row@=\count268
\column@=\count269
\maxfields@=\count270
\andhelp@=\toks22
\eqnshift@=\dimen145
\alignsep@=\dimen146
\tagshift@=\dimen147
\tagwidth@=\dimen148
\totwidth@=\dimen149
\lineht@=\dimen150
\@envbody=\toks23
\multlinegap=\skip50
\multlinetaggap=\skip51
\mathdisplay@stack=\toks24
LaTeX Info: Redefining \[ on input line 2923.
LaTeX Info: Redefining \] on input line 2924.
)
(/usr/share/texlive/texmf-dist/tex/latex/amsfonts/amsfonts.sty
Package: amsfonts 2013/01/14 v3.01 Basic AMSFonts support
\symAMSa=\mathgroup4
\symAMSb=\mathgroup5
LaTeX Font Info:    Redeclaring math symbol \hbar on input line 98.
LaTeX Font Info:    Overwriting math alphabet `\mathfrak' in version `bold'
(Font)                  U/euf/m/n --> U/euf/b/n on input line 106.
)
(/usr/share/texlive/texmf-dist/tex/latex/amsfonts/amssymb.sty
Package: amssymb 2013/01/14 v3.01 AMS font symbols
)
(/usr/share/texlive/texmf-dist/tex/latex/amscls/amsthm.sty
Package: amsthm 2020/05/29 v2.20.6
\thm@style=\toks25
\thm@bodyfont=\toks26
\thm@headfont=\toks27
\thm@notefont=\toks28
\thm@headpunct=\toks29
\thm@preskip=\skip52
\thm@postskip=\skip53
\thm@headsep=\skip54
\dth@everypar=\toks30
)
(/usr/share/texlive/texmf-dist/tex/latex/base/newlfont.sty
Package: newlfont 1998/08/17 v2.2m Standard LaTeX package
LaTeX Info: Redefining \em on input line 57.

(/usr/share/texlive/texmf-dist/tex/latex/base/latexsym.sty
Package: latexsym 1998/08/17 v2.2e Standard LaTeX package (lasy symbols)
\symlasy=\mathgroup6
LaTeX Font Info:    Overwriting symbol font `lasy' in version `bold'
(Font)                  U/lasy/m/n --> U/lasy/b/n on input line 52.
)) (./fancyhdr.sty
\headwidth=\dimen151
)
(./tesisty.sty) (/usr/share/texlive/texmf-dist/tex/latex/xcolor/xcolor.sty
Package: xcolor 2016/05/11 v2.12 LaTeX color extensions (UK)

(/usr/share/texlive/texmf-dist/tex/latex/graphics-cfg/color.cfg
File: color.cfg 2016/01/02 v1.6 sample color configuration
)
Package xcolor Info: Driver file: pdftex.def on input line 225.
Package xcolor Info: Model `cmy' substituted by `cmy0' on input line 1348.
Package xcolor Info: Model `hsb' substituted by `rgb' on input line 1352.
Package xcolor Info: Model `RGB' extended on input line 1364.
Package xcolor Info: Model `HTML' substituted by `rgb' on input line 1366.
Package xcolor Info: Model `Hsb' substituted by `hsb' on input line 1367.
Package xcolor Info: Model `tHsb' substituted by `hsb' on input line 1368.
Package xcolor Info: Model `HSB' substituted by `hsb' on input line 1369.
Package xcolor Info: Model `Gray' substituted by `gray' on input line 1370.
Package xcolor Info: Model `wave' substituted by `hsb' on input line 1371.
)
(./specialWord.sty (/usr/share/texlive/texmf-dist/tex/latex/tools/xspace.sty
Package: xspace 2014/10/28 v1.13 Space after command names (DPC,MH)
))
(/usr/share/texlive/texmf-dist/tex/latex/url/url.sty
\Urlmuskip=\muskip17
Package: url 2013/09/16  ver 3.4  Verb mode for urls, etc.
)
(/usr/share/texlive/texmf-dist/tex/latex/hyperref/hyperref.sty
Package: hyperref 2020-05-15 v7.00e Hypertext links for LaTeX

(/usr/share/texlive/texmf-dist/tex/generic/ltxcmds/ltxcmds.sty
Package: ltxcmds 2020-05-10 v1.25 LaTeX kernel commands for general use (HO)
)
(/usr/share/texlive/texmf-dist/tex/generic/iftex/iftex.sty
Package: iftex 2020/03/06 v1.0d TeX engine tests
)
(/usr/share/texlive/texmf-dist/tex/generic/pdftexcmds/pdftexcmds.sty
Package: pdftexcmds 2020-06-27 v0.33 Utility functions of pdfTeX for LuaTeX (HO
)

(/usr/share/texlive/texmf-dist/tex/generic/infwarerr/infwarerr.sty
Package: infwarerr 2019/12/03 v1.5 Providing info/warning/error messages (HO)
)
Package pdftexcmds Info: \pdf@primitive is available.
Package pdftexcmds Info: \pdf@ifprimitive is available.
Package pdftexcmds Info: \pdfdraftmode found.
)
(/usr/share/texlive/texmf-dist/tex/generic/kvsetkeys/kvsetkeys.sty
Package: kvsetkeys 2019/12/15 v1.18 Key value parser (HO)
)
(/usr/share/texlive/texmf-dist/tex/generic/kvdefinekeys/kvdefinekeys.sty
Package: kvdefinekeys 2019-12-19 v1.6 Define keys (HO)
)
(/usr/share/texlive/texmf-dist/tex/generic/pdfescape/pdfescape.sty
Package: pdfescape 2019/12/09 v1.15 Implements pdfTeX's escape features (HO)
)
(/usr/share/texlive/texmf-dist/tex/latex/hycolor/hycolor.sty
Package: hycolor 2020-01-27 v1.10 Color options for hyperref/bookmark (HO)
)
(/usr/share/texlive/texmf-dist/tex/latex/letltxmacro/letltxmacro.sty
Package: letltxmacro 2019/12/03 v1.6 Let assignment for LaTeX macros (HO)
)
(/usr/share/texlive/texmf-dist/tex/latex/auxhook/auxhook.sty
Package: auxhook 2019-12-17 v1.6 Hooks for auxiliary files (HO)
)
(/usr/share/texlive/texmf-dist/tex/latex/kvoptions/kvoptions.sty
Package: kvoptions 2020-10-07 v3.14 Key value format for package options (HO)
)
\@linkdim=\dimen152
\Hy@linkcounter=\count271
\Hy@pagecounter=\count272

(/usr/share/texlive/texmf-dist/tex/latex/hyperref/pd1enc.def
File: pd1enc.def 2020-05-15 v7.00e Hyperref: PDFDocEncoding definition (HO)
Now handling font encoding PD1 ...
... no UTF-8 mapping file for font encoding PD1
)
(/usr/share/texlive/texmf-dist/tex/generic/intcalc/intcalc.sty
Package: intcalc 2019/12/15 v1.3 Expandable calculations with integers (HO)
)
(/usr/share/texlive/texmf-dist/tex/generic/etexcmds/etexcmds.sty
Package: etexcmds 2019/12/15 v1.7 Avoid name clashes with e-TeX commands (HO)
)
\Hy@SavedSpaceFactor=\count273
Package hyperref Info: Hyper figures OFF on input line 4464.
Package hyperref Info: Link nesting OFF on input line 4469.
Package hyperref Info: Hyper index ON on input line 4472.
Package hyperref Info: Plain pages OFF on input line 4479.
Package hyperref Info: Backreferencing OFF on input line 4484.
Package hyperref Info: Implicit mode ON; LaTeX internals redefined.
Package hyperref Info: Bookmarks ON on input line 4717.
\c@Hy@tempcnt=\count274
LaTeX Info: Redefining \url on input line 5076.
\XeTeXLinkMargin=\dimen153

(/usr/share/texlive/texmf-dist/tex/generic/bitset/bitset.sty
Package: bitset 2019/12/09 v1.3 Handle bit-vector datatype (HO)

(/usr/share/texlive/texmf-dist/tex/generic/bigintcalc/bigintcalc.sty
Package: bigintcalc 2019/12/15 v1.5 Expandable calculations on big integers (HO
)
))
\Fld@menulength=\count275
\Field@Width=\dimen154
\Fld@charsize=\dimen155
Package hyperref Info: Hyper figures OFF on input line 6347.
Package hyperref Info: Link nesting OFF on input line 6352.
Package hyperref Info: Hyper index ON on input line 6355.
Package hyperref Info: backreferencing OFF on input line 6362.
Package hyperref Info: Link coloring OFF on input line 6367.
Package hyperref Info: Link coloring with OCG OFF on input line 6372.
Package hyperref Info: PDF/A mode OFF on input line 6377.
LaTeX Info: Redefining \ref on input line 6417.
LaTeX Info: Redefining \pageref on input line 6421.

(/usr/share/texlive/texmf-dist/tex/latex/base/atbegshi-ltx.sty
Package: atbegshi-ltx 2020/08/17 v1.0a Emulation of the original atbegshi packa
ge
with kernel methods
)
\Hy@abspage=\count276
\c@Item=\count277
\c@Hfootnote=\count278
)
Package hyperref Info: Driver (autodetected): hpdftex.

(/usr/share/texlive/texmf-dist/tex/latex/hyperref/hpdftex.def
File: hpdftex.def 2020-05-15 v7.00e Hyperref driver for pdfTeX

(/usr/share/texlive/texmf-dist/tex/latex/base/atveryend-ltx.sty
Package: atveryend-ltx 2020/08/19 v1.0a Emulation of the original atvery packag
e
with kernel methods
)
\Fld@listcount=\count279
\c@bookmark@seq@number=\count280

(/usr/share/texlive/texmf-dist/tex/latex/rerunfilecheck/rerunfilecheck.sty
Package: rerunfilecheck 2019/12/05 v1.9 Rerun checks for auxiliary files (HO)

(/usr/share/texlive/texmf-dist/tex/generic/uniquecounter/uniquecounter.sty
Package: uniquecounter 2019/12/15 v1.4 Provide unlimited unique counter (HO)
)
Package uniquecounter Info: New unique counter `rerunfilecheck' on input line 2
86.
)
\Hy@SectionHShift=\skip55
)
Package hyperref Info: Option `colorlinks' set `true' on input line 44.

(/usr/share/texlive/texmf-dist/tex/latex/biblatex/biblatex.sty
Package: biblatex 2020/12/31 v3.16 programmable bibliographies (PK/MW)

(/usr/share/texlive/texmf-dist/tex/latex/logreq/logreq.sty
Package: logreq 2010/08/04 v1.0 xml request logger
\lrq@indent=\count281

(/usr/share/texlive/texmf-dist/tex/latex/logreq/logreq.def
File: logreq.def 2010/08/04 v1.0 logreq spec v1.0
))
(/usr/share/texlive/texmf-dist/tex/latex/base/ifthen.sty
Package: ifthen 2014/09/29 v1.1c Standard LaTeX ifthen package (DPC)
)
\c@tabx@nest=\count282
\c@listtotal=\count283
\c@listcount=\count284
\c@liststart=\count285
\c@liststop=\count286
\c@citecount=\count287
\c@citetotal=\count288
\c@multicitecount=\count289
\c@multicitetotal=\count290
\c@instcount=\count291
\c@maxnames=\count292
\c@minnames=\count293
\c@maxitems=\count294
\c@minitems=\count295
\c@citecounter=\count296
\c@maxcitecounter=\count297
\c@savedcitecounter=\count298
\c@uniquelist=\count299
\c@uniquename=\count300
\c@refsection=\count301
\c@refsegment=\count302
\c@maxextratitle=\count303
\c@maxextratitleyear=\count304
\c@maxextraname=\count305
\c@maxextradate=\count306
\c@maxextraalpha=\count307
\c@abbrvpenalty=\count308
\c@highnamepenalty=\count309
\c@lownamepenalty=\count310
\c@maxparens=\count311
\c@parenlevel=\count312
\blx@tempcnta=\count313
\blx@tempcntb=\count314
\blx@tempcntc=\count315
\blx@maxsection=\count316
\blx@maxsegment@0=\count317
\blx@notetype=\count318
\blx@parenlevel@text=\count319
\blx@parenlevel@foot=\count320
\blx@sectionciteorder@0=\count321
\blx@entrysetcounter=\count322
\blx@biblioinstance=\count323
\labelnumberwidth=\skip56
\labelalphawidth=\skip57
\biblabelsep=\skip58
\bibitemsep=\skip59
\bibnamesep=\skip60
\bibinitsep=\skip61
\bibparsep=\skip62
\bibhang=\skip63
\blx@bcfin=\read3
\blx@bcfout=\write3
\blx@langwohyphens=\language87
\c@mincomprange=\count324
\c@maxcomprange=\count325
\c@mincompwidth=\count326
Package biblatex Info: Trying to load biblatex default data model...
Package biblatex Info: ... file 'blx-dm.def' found.

(/usr/share/texlive/texmf-dist/tex/latex/biblatex/blx-dm.def
File: blx-dm.def 2020/12/31 v3.16 biblatex localization (PK/MW)
)
Package biblatex Info: Trying to load biblatex style data model...
Package biblatex Info: ... file 'reading.dbx' not found.
Package biblatex Info: Trying to load biblatex custom data model...
Package biblatex Info: ... file 'biblatex-dm.cfg' not found.
\c@afterword=\count327
\c@savedafterword=\count328
\c@annotator=\count329
\c@savedannotator=\count330
\c@author=\count331
\c@savedauthor=\count332
\c@bookauthor=\count333
\c@savedbookauthor=\count334
\c@commentator=\count335
\c@savedcommentator=\count336
\c@editor=\count337
\c@savededitor=\count338
\c@editora=\count339
\c@savededitora=\count340
\c@editorb=\count341
\c@savededitorb=\count342
\c@editorc=\count343
\c@savededitorc=\count344
\c@foreword=\count345
\c@savedforeword=\count346
\c@holder=\count347
\c@savedholder=\count348
\c@introduction=\count349
\c@savedintroduction=\count350
\c@namea=\count351
\c@savednamea=\count352
\c@nameb=\count353
\c@savednameb=\count354
\c@namec=\count355
\c@savednamec=\count356
\c@translator=\count357
\c@savedtranslator=\count358
\c@shortauthor=\count359
\c@savedshortauthor=\count360
\c@shorteditor=\count361
\c@savedshorteditor=\count362
\c@labelname=\count363
\c@savedlabelname=\count364
\c@institution=\count365
\c@savedinstitution=\count366
\c@lista=\count367
\c@savedlista=\count368
\c@listb=\count369
\c@savedlistb=\count370
\c@listc=\count371
\c@savedlistc=\count372
\c@listd=\count373
\c@savedlistd=\count374
\c@liste=\count375
\c@savedliste=\count376
\c@listf=\count377
\c@savedlistf=\count378
\c@location=\count379
\c@savedlocation=\count380
\c@organization=\count381
\c@savedorganization=\count382
\c@origlocation=\count383
\c@savedoriglocation=\count384
\c@origpublisher=\count385
\c@savedorigpublisher=\count386
\c@publisher=\count387
\c@savedpublisher=\count388
\c@language=\count389
\c@savedlanguage=\count390
\c@origlanguage=\count391
\c@savedoriglanguage=\count392
\c@pageref=\count393
\c@savedpageref=\count394
\shorthandwidth=\skip64
\shortjournalwidth=\skip65
\shortserieswidth=\skip66
\shorttitlewidth=\skip67
\shortauthorwidth=\skip68
\shorteditorwidth=\skip69
\locallabelnumberwidth=\skip70
\locallabelalphawidth=\skip71
\localshorthandwidth=\skip72
\localshortjournalwidth=\skip73
\localshortserieswidth=\skip74
\localshorttitlewidth=\skip75
\localshortauthorwidth=\skip76
\localshorteditorwidth=\skip77
Package biblatex Info: Trying to load compatibility code...
Package biblatex Info: ... file 'blx-compat.def' found.

(/usr/share/texlive/texmf-dist/tex/latex/biblatex/blx-compat.def
File: blx-compat.def 2020/12/31 v3.16 biblatex compatibility (PK/MW)
)
Package biblatex Info: Trying to load BibTeX backend compatibility...
Package biblatex Info: ... file 'blx-bibtex.def' found.

(/usr/share/texlive/texmf-dist/tex/latex/biblatex/blx-bibtex.def
File: blx-bibtex.def 2020/12/31 v3.16 biblatex compatibility (PK/MW)


Package biblatex Warning: Using fall-back BibTeX(8) backend:
(biblatex)                functionality may be reduced/unavailable.

)
Package biblatex Info: Trying to load generic definitions...
Package biblatex Info: ... file 'biblatex.def' found.
 (/usr/share/texlive/texmf-dist/tex/latex/biblatex/biblatex.def
File: biblatex.def 2020/12/31 v3.16 biblatex compatibility (PK/MW)
\c@textcitecount=\count395
\c@textcitetotal=\count396
\c@textcitemaxnames=\count397
\c@biburlbigbreakpenalty=\count398
\c@biburlbreakpenalty=\count399
\c@biburlnumpenalty=\count400
\c@biburlucpenalty=\count401
\c@biburllcpenalty=\count402
\biburlbigskip=\muskip18
\biburlnumskip=\muskip19
\biburlucskip=\muskip20
\biburllcskip=\muskip21
\c@smartand=\count403
)
Package biblatex Info: Trying to load bibliography style 'reading'...
Package biblatex Info: ... file 'reading.bbx' found.

(/usr/share/texlive/texmf-dist/tex/latex/biblatex/bbx/reading.bbx
File: reading.bbx 2020/12/31 v3.16 biblatex bibliography style (PK/MW)
Package biblatex Info: Trying to load bibliography style 'standard'...
Package biblatex Info: ... file 'standard.bbx' found.

(/usr/share/texlive/texmf-dist/tex/latex/biblatex/bbx/standard.bbx
File: standard.bbx 2020/12/31 v3.16 biblatex bibliography style (PK/MW)
\c@bbx:relatedcount=\count404
\c@bbx:relatedtotal=\count405
))
Package biblatex Info: Trying to load citation style 'reading'...
Package biblatex Info: ... file 'reading.cbx' found.

(/usr/share/texlive/texmf-dist/tex/latex/biblatex/cbx/reading.cbx
File: reading.cbx 2020/12/31 v3.16 biblatex citation style (PK/MW)
Package biblatex Info: Trying to load citation style 'authortitle'...
Package biblatex Info: ... file 'authortitle.cbx' found.

(/usr/share/texlive/texmf-dist/tex/latex/biblatex/cbx/authortitle.cbx
File: authortitle.cbx 2020/12/31 v3.16 biblatex citation style (PK/MW)
Package biblatex Info: Redefining '\cite'.
Package biblatex Info: Redefining '\parencite'.
Package biblatex Info: Redefining '\footcite'.
Package biblatex Info: Redefining '\footcitetext'.
Package biblatex Info: Redefining '\smartcite'.
Package biblatex Info: Redefining '\textcite'.
Package biblatex Info: Redefining '\textcites'.
))
Package biblatex Info: Trying to load configuration file...
Package biblatex Info: ... file 'biblatex.cfg' found.

(/usr/share/texlive/texmf-dist/tex/latex/biblatex/biblatex.cfg
File: biblatex.cfg 
))
(/usr/share/texlive/texmf-dist/tex/latex/csquotes/csquotes.sty
Package: csquotes 2021-01-04 v5.2k context-sensitive quotations (JAW)
\csq@reset=\count406
\csq@gtype=\count407
\csq@glevel=\count408
\csq@qlevel=\count409
\csq@maxlvl=\count410
\csq@tshold=\count411
\csq@ltx@everypar=\toks31

(/usr/share/texlive/texmf-dist/tex/latex/csquotes/csquotes.def
File: csquotes.def 2021-01-04 v5.2k csquotes generic definitions (JAW)
)
Package csquotes Info: Trying to load configuration file 'csquotes.cfg'...
Package csquotes Info: ... configuration file loaded successfully.

(/usr/share/texlive/texmf-dist/tex/latex/csquotes/csquotes.cfg
File: csquotes.cfg 
))
(/usr/share/texlive/texmf-dist/tex/latex/listings/listings.sty
\lst@mode=\count412
\lst@gtempboxa=\box51
\lst@token=\toks32
\lst@length=\count413
\lst@currlwidth=\dimen156
\lst@column=\count414
\lst@pos=\count415
\lst@lostspace=\dimen157
\lst@width=\dimen158
\lst@newlines=\count416
\lst@lineno=\count417
\lst@maxwidth=\dimen159

(/usr/share/texlive/texmf-dist/tex/latex/listings/lstmisc.sty
File: lstmisc.sty 2020/03/24 1.8d (Carsten Heinz)
\c@lstnumber=\count418
\lst@skipnumbers=\count419
\lst@framebox=\box52
)
(/usr/share/texlive/texmf-dist/tex/latex/listings/listings.cfg
File: listings.cfg 2020/03/24 1.8d listings configuration
))
Package: listings 2020/03/24 1.8d (Carsten Heinz)

(/usr/share/texlive/texmf-dist/tex/latex/mathtools/empheq.sty
Package: empheq 2017/03/31 v2.15 Emphasizing equations

(/usr/share/texlive/texmf-dist/tex/latex/mathtools/mhsetup.sty
Package: mhsetup 2017/03/31 v1.3 programming setup (MH)
)
(/usr/share/texlive/texmf-dist/tex/latex/mathtools/mathtools.sty
Package: mathtools 2020/03/24 v1.24 mathematical typesetting tools

(/usr/share/texlive/texmf-dist/tex/latex/tools/calc.sty
Package: calc 2017/05/25 v4.3 Infix arithmetic (KKT,FJ)
\calc@Acount=\count420
\calc@Bcount=\count421
\calc@Adimen=\dimen160
\calc@Bdimen=\dimen161
\calc@Askip=\skip78
\calc@Bskip=\skip79
LaTeX Info: Redefining \setlength on input line 80.
LaTeX Info: Redefining \addtolength on input line 81.
\calc@Ccount=\count422
\calc@Cskip=\skip80
)
LaTeX Info: Thecontrolsequence`\('isalreadyrobust on input line 130.
LaTeX Info: Thecontrolsequence`\)'isalreadyrobust on input line 130.
LaTeX Info: Thecontrolsequence`\['isalreadyrobust on input line 130.
LaTeX Info: Thecontrolsequence`\]'isalreadyrobust on input line 130.
\g_MT_multlinerow_int=\count423
\l_MT_multwidth_dim=\dimen162
\origjot=\skip81
\l_MT_shortvdotswithinadjustabove_dim=\dimen163
\l_MT_shortvdotswithinadjustbelow_dim=\dimen164
\l_MT_above_intertext_sep=\dimen165
\l_MT_below_intertext_sep=\dimen166
\l_MT_above_shortintertext_sep=\dimen167
\l_MT_below_shortintertext_sep=\dimen168
\xmathstrut@box=\box53
\xmathstrut@dim=\dimen169
)
\l_EQ_equationtype_int=\count424
\l_EQ_alignmentmode_int=\count425
\l_EQ_totalwidth_dim=\dimen170
\l_EQ_displaywidth_dim=\dimen171
\l_EQ_temp_linewidth_dim=\dimen172
\l_EQ_linewidth_dim=\dimen173
\EmphEqdelimitershortfall=\dimen174
\EmphEqdelimiterfactor=\count426
\g_EQ_toptag_height_dim=\dimen175
\g_EQ_bottomtag_depth_dim=\dimen176
\g_EQ_toprow_height_dim=\dimen177
\g_EQ_bottomrow_depth_dim=\dimen178
\g_EQ_widesttag_dim=\dimen179
\EQ_mathdisplay_box=\box54
\EQ_tag_box=\box55
\g_EQ_temprow_int=\count427
)
(/usr/share/texlive/texmf-dist/tex/latex/changes/changes.sty
Package: changes 2021/01/28 v4.0.0 changes package

*** changes package 2021/01/28 v4.0.0 ***
(/usr/share/texlive/texmf-dist/tex/latex/xkeyval/xkeyval.sty
Package: xkeyval 2020/11/20 v2.8 package option processing (HA)

(/usr/share/texlive/texmf-dist/tex/generic/xkeyval/xkeyval.tex
(/usr/share/texlive/texmf-dist/tex/generic/xkeyval/xkvutils.tex
\XKV@toks=\toks33
\XKV@tempa@toks=\toks34
)
\XKV@depth=\count428
File: xkeyval.tex 2014/12/03 v2.7a key=value parser (HA)
))
(/usr/share/texlive/texmf-dist/tex/generic/xstring/xstring.sty
(/usr/share/texlive/texmf-dist/tex/generic/xstring/xstring.tex
\integerpart=\count429
\decimalpart=\count430
)
Package: xstring 2019/02/06 v1.83 String manipulations (CT)
)
ulem-option 'normalem,normalbf', passed to package ulem
truncate-option 'breakall,fit', passed to package truncate
(/usr/share/texlive/texmf-dist/tex/generic/ulem/ulem.sty
\UL@box=\box56
\UL@hyphenbox=\box57
\UL@skip=\skip82
\UL@hook=\toks35
\UL@height=\dimen180
\UL@pe=\count431
\UL@pixel=\dimen181
\ULC@box=\box58
Package: ulem 2019/11/18
\ULdepth=\dimen182
)
(/usr/share/texlive/texmf-dist/tex/latex/todonotes/todonotes.sty
Package: todonotes 2020/08/18 v1.1.3 Todonotes source and documentation.
Package: todonotes 2018/11/22

(/usr/share/texlive/texmf-dist/tex/latex/pgf/frontendlayer/tikz.sty
(/usr/share/texlive/texmf-dist/tex/latex/pgf/basiclayer/pgf.sty
(/usr/share/texlive/texmf-dist/tex/latex/pgf/utilities/pgfrcs.sty
(/usr/share/texlive/texmf-dist/tex/generic/pgf/utilities/pgfutil-common.tex
\pgfutil@everybye=\toks36
\pgfutil@tempdima=\dimen183
\pgfutil@tempdimb=\dimen184

(/usr/share/texlive/texmf-dist/tex/generic/pgf/utilities/pgfutil-common-lists.t
ex)) (/usr/share/texlive/texmf-dist/tex/generic/pgf/utilities/pgfutil-latex.def
\pgfutil@abb=\box59
) (/usr/share/texlive/texmf-dist/tex/generic/pgf/utilities/pgfrcs.code.tex
(/usr/share/texlive/texmf-dist/tex/generic/pgf/pgf.revision.tex)
Package: pgfrcs 2020/12/27 v3.1.8b (3.1.8b)
))
Package: pgf 2020/12/27 v3.1.8b (3.1.8b)

(/usr/share/texlive/texmf-dist/tex/latex/pgf/basiclayer/pgfcore.sty
(/usr/share/texlive/texmf-dist/tex/latex/pgf/systemlayer/pgfsys.sty
(/usr/share/texlive/texmf-dist/tex/generic/pgf/systemlayer/pgfsys.code.tex
Package: pgfsys 2020/12/27 v3.1.8b (3.1.8b)

(/usr/share/texlive/texmf-dist/tex/generic/pgf/utilities/pgfkeys.code.tex
\pgfkeys@pathtoks=\toks37
\pgfkeys@temptoks=\toks38

(/usr/share/texlive/texmf-dist/tex/generic/pgf/utilities/pgfkeysfiltered.code.t
ex
\pgfkeys@tmptoks=\toks39
))
\pgf@x=\dimen185
\pgf@y=\dimen186
\pgf@xa=\dimen187
\pgf@ya=\dimen188
\pgf@xb=\dimen189
\pgf@yb=\dimen190
\pgf@xc=\dimen191
\pgf@yc=\dimen192
\pgf@xd=\dimen193
\pgf@yd=\dimen194
\w@pgf@writea=\write4
\r@pgf@reada=\read4
\c@pgf@counta=\count432
\c@pgf@countb=\count433
\c@pgf@countc=\count434
\c@pgf@countd=\count435
\t@pgf@toka=\toks40
\t@pgf@tokb=\toks41
\t@pgf@tokc=\toks42
\pgf@sys@id@count=\count436
 (/usr/share/texlive/texmf-dist/tex/generic/pgf/systemlayer/pgf.cfg
File: pgf.cfg 2020/12/27 v3.1.8b (3.1.8b)
)
Driver file for pgf: pgfsys-pdftex.def

(/usr/share/texlive/texmf-dist/tex/generic/pgf/systemlayer/pgfsys-pdftex.def
File: pgfsys-pdftex.def 2020/12/27 v3.1.8b (3.1.8b)

(/usr/share/texlive/texmf-dist/tex/generic/pgf/systemlayer/pgfsys-common-pdf.de
f
File: pgfsys-common-pdf.def 2020/12/27 v3.1.8b (3.1.8b)
)))
(/usr/share/texlive/texmf-dist/tex/generic/pgf/systemlayer/pgfsyssoftpath.code.
tex
File: pgfsyssoftpath.code.tex 2020/12/27 v3.1.8b (3.1.8b)
\pgfsyssoftpath@smallbuffer@items=\count437
\pgfsyssoftpath@bigbuffer@items=\count438
)
(/usr/share/texlive/texmf-dist/tex/generic/pgf/systemlayer/pgfsysprotocol.code.
tex
File: pgfsysprotocol.code.tex 2020/12/27 v3.1.8b (3.1.8b)
))
(/usr/share/texlive/texmf-dist/tex/generic/pgf/basiclayer/pgfcore.code.tex
Package: pgfcore 2020/12/27 v3.1.8b (3.1.8b)

(/usr/share/texlive/texmf-dist/tex/generic/pgf/math/pgfmath.code.tex
(/usr/share/texlive/texmf-dist/tex/generic/pgf/math/pgfmathcalc.code.tex
(/usr/share/texlive/texmf-dist/tex/generic/pgf/math/pgfmathutil.code.tex)
(/usr/share/texlive/texmf-dist/tex/generic/pgf/math/pgfmathparser.code.tex
\pgfmath@dimen=\dimen195
\pgfmath@count=\count439
\pgfmath@box=\box60
\pgfmath@toks=\toks43
\pgfmath@stack@operand=\toks44
\pgfmath@stack@operation=\toks45
)
(/usr/share/texlive/texmf-dist/tex/generic/pgf/math/pgfmathfunctions.code.tex
(/usr/share/texlive/texmf-dist/tex/generic/pgf/math/pgfmathfunctions.basic.code
.tex)
(/usr/share/texlive/texmf-dist/tex/generic/pgf/math/pgfmathfunctions.trigonomet
ric.code.tex)
(/usr/share/texlive/texmf-dist/tex/generic/pgf/math/pgfmathfunctions.random.cod
e.tex)
(/usr/share/texlive/texmf-dist/tex/generic/pgf/math/pgfmathfunctions.comparison
.code.tex)
(/usr/share/texlive/texmf-dist/tex/generic/pgf/math/pgfmathfunctions.base.code.
tex)
(/usr/share/texlive/texmf-dist/tex/generic/pgf/math/pgfmathfunctions.round.code
.tex)
(/usr/share/texlive/texmf-dist/tex/generic/pgf/math/pgfmathfunctions.misc.code.
tex)
(/usr/share/texlive/texmf-dist/tex/generic/pgf/math/pgfmathfunctions.integerari
thmetics.code.tex)))
(/usr/share/texlive/texmf-dist/tex/generic/pgf/math/pgfmathfloat.code.tex
\c@pgfmathroundto@lastzeros=\count440
))
(/usr/share/texlive/texmf-dist/tex/generic/pgf/math/pgfint.code.tex)
(/usr/share/texlive/texmf-dist/tex/generic/pgf/basiclayer/pgfcorepoints.code.te
x
File: pgfcorepoints.code.tex 2020/12/27 v3.1.8b (3.1.8b)
\pgf@picminx=\dimen196
\pgf@picmaxx=\dimen197
\pgf@picminy=\dimen198
\pgf@picmaxy=\dimen199
\pgf@pathminx=\dimen256
\pgf@pathmaxx=\dimen257
\pgf@pathminy=\dimen258
\pgf@pathmaxy=\dimen259
\pgf@xx=\dimen260
\pgf@xy=\dimen261
\pgf@yx=\dimen262
\pgf@yy=\dimen263
\pgf@zx=\dimen264
\pgf@zy=\dimen265
)
(/usr/share/texlive/texmf-dist/tex/generic/pgf/basiclayer/pgfcorepathconstruct.
code.tex
File: pgfcorepathconstruct.code.tex 2020/12/27 v3.1.8b (3.1.8b)
\pgf@path@lastx=\dimen266
\pgf@path@lasty=\dimen267
)
(/usr/share/texlive/texmf-dist/tex/generic/pgf/basiclayer/pgfcorepathusage.code
.tex
File: pgfcorepathusage.code.tex 2020/12/27 v3.1.8b (3.1.8b)
\pgf@shorten@end@additional=\dimen268
\pgf@shorten@start@additional=\dimen269
)
(/usr/share/texlive/texmf-dist/tex/generic/pgf/basiclayer/pgfcorescopes.code.te
x
File: pgfcorescopes.code.tex 2020/12/27 v3.1.8b (3.1.8b)
\pgfpic=\box61
\pgf@hbox=\box62
\pgf@layerbox@main=\box63
\pgf@picture@serial@count=\count441
)
(/usr/share/texlive/texmf-dist/tex/generic/pgf/basiclayer/pgfcoregraphicstate.c
ode.tex
File: pgfcoregraphicstate.code.tex 2020/12/27 v3.1.8b (3.1.8b)
\pgflinewidth=\dimen270
)
(/usr/share/texlive/texmf-dist/tex/generic/pgf/basiclayer/pgfcoretransformation
s.code.tex
File: pgfcoretransformations.code.tex 2020/12/27 v3.1.8b (3.1.8b)
\pgf@pt@x=\dimen271
\pgf@pt@y=\dimen272
\pgf@pt@temp=\dimen273
)
(/usr/share/texlive/texmf-dist/tex/generic/pgf/basiclayer/pgfcorequick.code.tex
File: pgfcorequick.code.tex 2020/12/27 v3.1.8b (3.1.8b)
)
(/usr/share/texlive/texmf-dist/tex/generic/pgf/basiclayer/pgfcoreobjects.code.t
ex
File: pgfcoreobjects.code.tex 2020/12/27 v3.1.8b (3.1.8b)
)
(/usr/share/texlive/texmf-dist/tex/generic/pgf/basiclayer/pgfcorepathprocessing
.code.tex
File: pgfcorepathprocessing.code.tex 2020/12/27 v3.1.8b (3.1.8b)
)
(/usr/share/texlive/texmf-dist/tex/generic/pgf/basiclayer/pgfcorearrows.code.te
x
File: pgfcorearrows.code.tex 2020/12/27 v3.1.8b (3.1.8b)
\pgfarrowsep=\dimen274
)
(/usr/share/texlive/texmf-dist/tex/generic/pgf/basiclayer/pgfcoreshade.code.tex
File: pgfcoreshade.code.tex 2020/12/27 v3.1.8b (3.1.8b)
\pgf@max=\dimen275
\pgf@sys@shading@range@num=\count442
\pgf@shadingcount=\count443
)
(/usr/share/texlive/texmf-dist/tex/generic/pgf/basiclayer/pgfcoreimage.code.tex
File: pgfcoreimage.code.tex 2020/12/27 v3.1.8b (3.1.8b)

(/usr/share/texlive/texmf-dist/tex/generic/pgf/basiclayer/pgfcoreexternal.code.
tex
File: pgfcoreexternal.code.tex 2020/12/27 v3.1.8b (3.1.8b)
\pgfexternal@startupbox=\box64
))
(/usr/share/texlive/texmf-dist/tex/generic/pgf/basiclayer/pgfcorelayers.code.te
x
File: pgfcorelayers.code.tex 2020/12/27 v3.1.8b (3.1.8b)
)
(/usr/share/texlive/texmf-dist/tex/generic/pgf/basiclayer/pgfcoretransparency.c
ode.tex
File: pgfcoretransparency.code.tex 2020/12/27 v3.1.8b (3.1.8b)
)
(/usr/share/texlive/texmf-dist/tex/generic/pgf/basiclayer/pgfcorepatterns.code.
tex
File: pgfcorepatterns.code.tex 2020/12/27 v3.1.8b (3.1.8b)
)
(/usr/share/texlive/texmf-dist/tex/generic/pgf/basiclayer/pgfcorerdf.code.tex
File: pgfcorerdf.code.tex 2020/12/27 v3.1.8b (3.1.8b)
)))
(/usr/share/texlive/texmf-dist/tex/generic/pgf/modules/pgfmoduleshapes.code.tex
File: pgfmoduleshapes.code.tex 2020/12/27 v3.1.8b (3.1.8b)
\pgfnodeparttextbox=\box65
) (/usr/share/texlive/texmf-dist/tex/generic/pgf/modules/pgfmoduleplot.code.tex
File: pgfmoduleplot.code.tex 2020/12/27 v3.1.8b (3.1.8b)
)
(/usr/share/texlive/texmf-dist/tex/latex/pgf/compatibility/pgfcomp-version-0-65
.sty
Package: pgfcomp-version-0-65 2020/12/27 v3.1.8b (3.1.8b)
\pgf@nodesepstart=\dimen276
\pgf@nodesepend=\dimen277
)
(/usr/share/texlive/texmf-dist/tex/latex/pgf/compatibility/pgfcomp-version-1-18
.sty
Package: pgfcomp-version-1-18 2020/12/27 v3.1.8b (3.1.8b)
)) (/usr/share/texlive/texmf-dist/tex/latex/pgf/utilities/pgffor.sty
(/usr/share/texlive/texmf-dist/tex/latex/pgf/utilities/pgfkeys.sty
(/usr/share/texlive/texmf-dist/tex/generic/pgf/utilities/pgfkeys.code.tex))
(/usr/share/texlive/texmf-dist/tex/latex/pgf/math/pgfmath.sty
(/usr/share/texlive/texmf-dist/tex/generic/pgf/math/pgfmath.code.tex))
(/usr/share/texlive/texmf-dist/tex/generic/pgf/utilities/pgffor.code.tex
Package: pgffor 2020/12/27 v3.1.8b (3.1.8b)

(/usr/share/texlive/texmf-dist/tex/generic/pgf/math/pgfmath.code.tex)
\pgffor@iter=\dimen278
\pgffor@skip=\dimen279
\pgffor@stack=\toks46
\pgffor@toks=\toks47
))
(/usr/share/texlive/texmf-dist/tex/generic/pgf/frontendlayer/tikz/tikz.code.tex
Package: tikz 2020/12/27 v3.1.8b (3.1.8b)

(/usr/share/texlive/texmf-dist/tex/generic/pgf/libraries/pgflibraryplothandlers
.code.tex
File: pgflibraryplothandlers.code.tex 2020/12/27 v3.1.8b (3.1.8b)
\pgf@plot@mark@count=\count444
\pgfplotmarksize=\dimen280
)
\tikz@lastx=\dimen281
\tikz@lasty=\dimen282
\tikz@lastxsaved=\dimen283
\tikz@lastysaved=\dimen284
\tikz@lastmovetox=\dimen285
\tikz@lastmovetoy=\dimen286
\tikzleveldistance=\dimen287
\tikzsiblingdistance=\dimen288
\tikz@figbox=\box66
\tikz@figbox@bg=\box67
\tikz@tempbox=\box68
\tikz@tempbox@bg=\box69
\tikztreelevel=\count445
\tikznumberofchildren=\count446
\tikznumberofcurrentchild=\count447
\tikz@fig@count=\count448

(/usr/share/texlive/texmf-dist/tex/generic/pgf/modules/pgfmodulematrix.code.tex
File: pgfmodulematrix.code.tex 2020/12/27 v3.1.8b (3.1.8b)
\pgfmatrixcurrentrow=\count449
\pgfmatrixcurrentcolumn=\count450
\pgf@matrix@numberofcolumns=\count451
)
\tikz@expandcount=\count452

(/usr/share/texlive/texmf-dist/tex/generic/pgf/frontendlayer/tikz/libraries/tik
zlibrarytopaths.code.tex
File: tikzlibrarytopaths.code.tex 2020/12/27 v3.1.8b (3.1.8b)
)))
(/usr/share/texlive/texmf-dist/tex/generic/pgf/frontendlayer/tikz/libraries/tik
zlibrarypositioning.code.tex
File: tikzlibrarypositioning.code.tex 2020/12/27 v3.1.8b (3.1.8b)
)
(/usr/share/texlive/texmf-dist/tex/generic/pgf/frontendlayer/tikz/libraries/tik
zlibraryshadows.code.tex
File: tikzlibraryshadows.code.tex 2020/12/27 v3.1.8b (3.1.8b)

(/usr/share/texlive/texmf-dist/tex/generic/pgf/frontendlayer/tikz/libraries/tik
zlibraryfadings.code.tex
File: tikzlibraryfadings.code.tex 2020/12/27 v3.1.8b (3.1.8b)

(/usr/share/texlive/texmf-dist/tex/generic/pgf/libraries/pgflibraryfadings.code
.tex
File: pgflibraryfadings.code.tex 2020/12/27 v3.1.8b (3.1.8b)
)))
\c@@todonotes@numberoftodonotes=\count453
)
\c@Changes@AuthorCount=\count454
\c@Changes@Author=\count455
\c@Changes@addedCount=\count456
\c@Changes@deletedCount=\count457
\c@Changes@replacedCount=\count458
\c@Changes@highlightCount=\count459
\c@Changes@commentCount=\count460
\c@authorcommentcount=\count461
 (/usr/share/texlive/texmf-dist/tex/latex/truncate/truncate.sty
Package: truncate 2001/08/20  ver 3.6
\@Trunc@RestHyph=\toks48
)
\Changes@truncate@width=\skip83
\Changes@summary@width=\skip84
)
(/usr/share/texlive/texmf-dist/tex/latex/cancel/cancel.sty
Package: cancel 2013/04/12 v2.2 Cancel math terms
)
(/usr/share/texlive/texmf-dist/tex/latex/tcolorbox/tcolorbox.sty
Package: tcolorbox 2020/10/09 version 4.42 text color boxes

(/usr/share/texlive/texmf-dist/tex/latex/tools/verbatim.sty
Package: verbatim 2020-07-07 v1.5u LaTeX2e package for verbatim enhancements
\every@verbatim=\toks49
\verbatim@line=\toks50
\verbatim@in@stream=\read5
)
(/usr/share/texlive/texmf-dist/tex/latex/environ/environ.sty
Package: environ 2014/05/04 v0.3 A new way to define environments

(/usr/share/texlive/texmf-dist/tex/latex/trimspaces/trimspaces.sty
Package: trimspaces 2009/09/17 v1.1 Trim spaces around a token list
))
\tcb@titlebox=\box70
\tcb@upperbox=\box71
\tcb@lowerbox=\box72
\tcb@phantombox=\box73
\c@tcbbreakpart=\count462
\c@tcblayer=\count463
\c@tcolorbox@number=\count464
\tcb@temp=\box74
\tcb@temp=\box75
\tcb@temp=\box76
\tcb@temp=\box77
\tcb@out=\write5
\tcb@record@out=\write6

(/usr/share/texlive/texmf-dist/tex/latex/tcolorbox/tcbraster.code.tex
Library (tcolorbox): 'tcbraster.code.tex' version '4.42'
\c@tcbrastercolumn=\count465
\c@tcbrasterrow=\count466
\c@tcbraster=\count467
) (/usr/share/texlive/texmf-dist/tex/latex/tcolorbox/tcbskins.code.tex
Library (tcolorbox): 'tcbskins.code.tex' version '4.42'
\tcb@waterbox=\box78
(/usr/share/texlive/texmf-dist/tex/latex/tcolorbox/tcbskinsjigsaw.code.tex
Library (tcolorbox): 'tcbskinsjigsaw.code.tex' version '4.42'
)) (/usr/share/texlive/texmf-dist/tex/latex/tcolorbox/tcbbreakable.code.tex
Library (tcolorbox): 'tcbbreakable.code.tex' version '4.42'
(/usr/share/texlive/texmf-dist/tex/generic/oberdiek/pdfcol.sty
Package: pdfcol 2019/12/29 v1.6 Handle new color stacks for pdfTeX (HO)
)
Package pdfcol Info: New color stack `tcb@breakable' = 1 on input line 23.
\tcb@testbox=\box79
\tcb@totalupperbox=\box80
\tcb@totallowerbox=\box81
)
(/usr/share/texlive/texmf-dist/tex/latex/tcolorbox/tcbhooks.code.tex
Library (tcolorbox): 'tcbhooks.code.tex' version '4.42'
) (/usr/share/texlive/texmf-dist/tex/latex/tcolorbox/tcbtheorems.code.tex
Library (tcolorbox): 'tcbtheorems.code.tex' version '4.42'
) (/usr/share/texlive/texmf-dist/tex/latex/tcolorbox/tcbfitting.code.tex
Library (tcolorbox): 'tcbfitting.code.tex' version '4.42'
\tcbfitdim=\dimen289
\tcb@lowerfitdim=\dimen290
\tcb@upperfitdim=\dimen291
\tcb@cur@hbadness=\count468
) (/usr/share/texlive/texmf-dist/tex/latex/tcolorbox/tcbxparse.code.tex
Library (tcolorbox): 'tcbxparse.code.tex' version '4.42'
(/usr/share/texlive/texmf-dist/tex/latex/l3packages/xparse/xparse.sty
(/usr/share/texlive/texmf-dist/tex/latex/l3kernel/expl3.sty
Package: expl3 2021-01-09 L3 programming layer (loader) 

(/usr/share/texlive/texmf-dist/tex/latex/l3backend/l3backend-pdftex.def
File: l3backend-pdftex.def 2020-01-29 L3 backend support: PDF output (pdfTeX)
\l__color_backend_stack_int=\count469
\l__pdf_internal_box=\box82
))
Package: xparse 2020-10-27 L3 Experimental document command parser

(/usr/share/texlive/texmf-dist/tex/latex/l3packages/xparse/xparse-generic.tex))
) (/usr/share/texlive/texmf-dist/tex/latex/tcolorbox/tcblistingsutf8.code.tex
Library (tcolorbox): 'tcblistingsutf8.code.tex' version '4.42'
(/usr/share/texlive/texmf-dist/tex/latex/tcolorbox/tcblistings.code.tex
Library (tcolorbox): 'tcblistings.code.tex' version '4.42'
(/usr/share/texlive/texmf-dist/tex/latex/tcolorbox/tcblistingscore.code.tex
Library (tcolorbox): 'tcblistingscore.code.tex' version '4.42'
(/usr/share/texlive/texmf-dist/tex/latex/tcolorbox/tcbprocessing.code.tex
Library (tcolorbox): 'tcbprocessing.code.tex' version '4.42'
(/usr/share/texlive/texmf-dist/tex/latex/tools/shellesc.sty
Package: shellesc 2019/11/08 v1.0c unified shell escape interface for LaTeX
Package shellesc Info: Restricted shell escape enabled on input line 77.
))
\c@tcblisting=\count470
))
(/usr/share/texlive/texmf-dist/tex/latex/listingsutf8/listingsutf8.sty
Package: listingsutf8 2019-12-10 v1.5 Allow UTF-8 in listings input (HO)

(/usr/share/texlive/texmf-dist/tex/generic/stringenc/stringenc.sty
Package: stringenc 2019/11/29 v1.12 Convert strings between diff. encodings (HO
)
)))
(/usr/share/texlive/texmf-dist/tex/latex/tcolorbox/tcbexternal.code.tex
Library (tcolorbox): 'tcbexternal.code.tex' version '4.42'
) (/usr/share/texlive/texmf-dist/tex/latex/tcolorbox/tcbmagazine.code.tex
Library (tcolorbox): 'tcbmagazine.code.tex' version '4.42'
) (/usr/share/texlive/texmf-dist/tex/latex/tcolorbox/tcbvignette.code.tex
Library (tcolorbox): 'tcbvignette.code.tex' version '4.42'
) (/usr/share/texlive/texmf-dist/tex/latex/tcolorbox/tcbposter.code.tex
Library (tcolorbox): 'tcbposter.code.tex' version '4.42'
)) (/usr/share/texlive/texmf-dist/tex/latex/enumitem/enumitem.sty
Package: enumitem 2019/06/20 v3.9 Customized lists
\labelindent=\skip85
\enit@outerparindent=\dimen292
\enit@toks=\toks51
\enit@inbox=\box83
\enit@count@id=\count471
\enitdp@description=\count472
)
(/usr/share/texlive/texmf-dist/tex/latex/tabto-ltx/tabto.sty
Package: tabto 2018/12/28  v 1.4  Another tabbing mechanism
\CurrentLineWidth=\dimen293
\TabPrevPos=\dimen294
)
(/usr/share/texlive/texmf-dist/tex/latex/mdframed/mdframed.sty
Package: mdframed 2013/07/01 1.9b: mdframed

(/usr/share/texlive/texmf-dist/tex/latex/zref/zref-abspage.sty
Package: zref-abspage 2020-07-03 v2.32 Module abspage for zref (HO)

(/usr/share/texlive/texmf-dist/tex/latex/zref/zref-base.sty
Package: zref-base 2020-07-03 v2.32 Module base for zref (HO)
Package zref Info: New property list: main on input line 764.
Package zref Info: New property: default on input line 765.
Package zref Info: New property: page on input line 766.
)
\c@abspage=\count473
Package zref Info: New property: abspage on input line 66.
)
(/usr/share/texlive/texmf-dist/tex/latex/needspace/needspace.sty
Package: needspace 2010/09/12 v1.3d reserve vertical space
)
\mdf@templength=\skip86
\c@mdf@globalstyle@cnt=\count474
\mdf@skipabove@length=\skip87
\mdf@skipbelow@length=\skip88
\mdf@leftmargin@length=\skip89
\mdf@rightmargin@length=\skip90
\mdf@innerleftmargin@length=\skip91
\mdf@innerrightmargin@length=\skip92
\mdf@innertopmargin@length=\skip93
\mdf@innerbottommargin@length=\skip94
\mdf@splittopskip@length=\skip95
\mdf@splitbottomskip@length=\skip96
\mdf@outermargin@length=\skip97
\mdf@innermargin@length=\skip98
\mdf@linewidth@length=\skip99
\mdf@innerlinewidth@length=\skip100
\mdf@middlelinewidth@length=\skip101
\mdf@outerlinewidth@length=\skip102
\mdf@roundcorner@length=\skip103
\mdf@footenotedistance@length=\skip104
\mdf@userdefinedwidth@length=\skip105
\mdf@needspace@length=\skip106
\mdf@frametitleaboveskip@length=\skip107
\mdf@frametitlebelowskip@length=\skip108
\mdf@frametitlerulewidth@length=\skip109
\mdf@frametitleleftmargin@length=\skip110
\mdf@frametitlerightmargin@length=\skip111
\mdf@shadowsize@length=\skip112
\mdf@extratopheight@length=\skip113
\mdf@subtitleabovelinewidth@length=\skip114
\mdf@subtitlebelowlinewidth@length=\skip115
\mdf@subtitleaboveskip@length=\skip116
\mdf@subtitlebelowskip@length=\skip117
\mdf@subtitleinneraboveskip@length=\skip118
\mdf@subtitleinnerbelowskip@length=\skip119
\mdf@subsubtitleabovelinewidth@length=\skip120
\mdf@subsubtitlebelowlinewidth@length=\skip121
\mdf@subsubtitleaboveskip@length=\skip122
\mdf@subsubtitlebelowskip@length=\skip123
\mdf@subsubtitleinneraboveskip@length=\skip124
\mdf@subsubtitleinnerbelowskip@length=\skip125

(/usr/share/texlive/texmf-dist/tex/latex/mdframed/md-frame-0.mdf
File: md-frame-0.mdf 2013/07/01\ 1.9b: md-frame-0
)
\mdf@frametitlebox=\box84
\mdf@footnotebox=\box85
\mdf@splitbox@one=\box86
\mdf@splitbox@two=\box87
\mdf@splitbox@save=\box88
\mdfsplitboxwidth=\skip126
\mdfsplitboxtotalwidth=\skip127
\mdfsplitboxheight=\skip128
\mdfsplitboxdepth=\skip129
\mdfsplitboxtotalheight=\skip130
\mdfframetitleboxwidth=\skip131
\mdfframetitleboxtotalwidth=\skip132
\mdfframetitleboxheight=\skip133
\mdfframetitleboxdepth=\skip134
\mdfframetitleboxtotalheight=\skip135
\mdffootnoteboxwidth=\skip136
\mdffootnoteboxtotalwidth=\skip137
\mdffootnoteboxheight=\skip138
\mdffootnoteboxdepth=\skip139
\mdffootnoteboxtotalheight=\skip140
\mdftotallinewidth=\skip141
\mdfboundingboxwidth=\skip142
\mdfboundingboxtotalwidth=\skip143
\mdfboundingboxheight=\skip144
\mdfboundingboxdepth=\skip145
\mdfboundingboxtotalheight=\skip146
\mdf@freevspace@length=\skip147
\mdf@horizontalwidthofbox@length=\skip148
\mdf@verticalmarginwhole@length=\skip149
\mdf@horizontalspaceofbox=\skip150
\mdfsubtitleheight=\skip151
\mdfsubsubtitleheight=\skip152
\c@mdfcountframes=\count475

****** mdframed patching \endmdf@trivlist

****** -- success******

\mdf@envdepth=\count476
\c@mdf@env@i=\count477
\c@mdf@env@ii=\count478
\c@mdf@zref@counter=\count479
Package zref Info: New property: mdf@pagevalue on input line 895.
)
(/usr/share/texlive/texmf-dist/tex/latex/tools/multicol.sty
Package: multicol 2019/12/09 v1.8y multicolumn formatting (FMi)
\c@tracingmulticols=\count480
\mult@box=\box89
\multicol@leftmargin=\dimen295
\c@unbalance=\count481
\c@collectmore=\count482
\doublecol@number=\count483
\multicoltolerance=\count484
\multicolpretolerance=\count485
\full@width=\dimen296
\page@free=\dimen297
\premulticols=\dimen298
\postmulticols=\dimen299
\multicolsep=\skip153
\multicolbaselineskip=\skip154
\partial@page=\box90
\last@line=\box91
\maxbalancingoverflow=\dimen300
\mult@rightbox=\box92
\mult@grightbox=\box93
\mult@gfirstbox=\box94
\mult@firstbox=\box95
\@tempa=\box96
\@tempa=\box97
\@tempa=\box98
\@tempa=\box99
\@tempa=\box100
\@tempa=\box101
\@tempa=\box102
\@tempa=\box103
\@tempa=\box104
\@tempa=\box105
\@tempa=\box106
\@tempa=\box107
\@tempa=\box108
\@tempa=\box109
\@tempa=\box110
\@tempa=\box111
\@tempa=\box112
\@tempa=\box113
\@tempa=\box114
\@tempa=\box115
\@tempa=\box116
\@tempa=\box117
\@tempa=\box118
\@tempa=\box119
\@tempa=\box120
\@tempa=\box121
\@tempa=\box122
\@tempa=\box123
\@tempa=\box124
\@tempa=\box125
\@tempa=\box126
\@tempa=\box127
\@tempa=\box128
\@tempa=\box129
\@tempa=\box130
\@tempa=\box131
\@tempa=\box132
\c@minrows=\count486
\c@columnbadness=\count487
\c@finalcolumnbadness=\count488
\last@try=\dimen301
\multicolovershoot=\dimen302
\multicolundershoot=\dimen303
\mult@nat@firstbox=\box133
\colbreak@box=\box134
\mc@col@check@num=\count489
)
(/usr/share/texlive/texmf-dist/tex/latex/vwcol/vwcol.sty
Package: vwcol 2015/02/10 v0.2 Variable-width multicolumn text

(/usr/share/texlive/texmf-dist/tex/latex/ragged2e/ragged2e.sty
Package: ragged2e 2019/07/28 v2.2 ragged2e Package (MS)

(/usr/share/texlive/texmf-dist/tex/latex/everysel/everysel.sty
Package: everysel 2021/01/20 v2.1 EverySelectfont Package (MS)

(/usr/share/texlive/texmf-dist/tex/latex/everysel/everysel-2011-10-28.sty))
\CenteringLeftskip=\skip155
\RaggedLeftLeftskip=\skip156
\RaggedRightLeftskip=\skip157
\CenteringRightskip=\skip158
\RaggedLeftRightskip=\skip159
\RaggedRightRightskip=\skip160
\CenteringParfillskip=\skip161
\RaggedLeftParfillskip=\skip162
\RaggedRightParfillskip=\skip163
\JustifyingParfillskip=\skip164
\CenteringParindent=\skip165
\RaggedLeftParindent=\skip166
\RaggedRightParindent=\skip167
\JustifyingParindent=\skip168
)
\vwcol@sep=\skip169
\vwcol@rule=\skip170
\vwcol@totalwidth=\skip171
\vwcol@averagewidth=\skip172
\vwcol@parindent=\skip173
\vwcol@last=\count490
\vwcol@Ncols=\count491
\vwcol@Nlines=\count492
\vwcol@maxrecursion=\count493
\vwcol@box=\box135
\vwcol@plainbox=\box136
\vwcol@outputbox=\box137
)
(/usr/share/texlive/texmf-dist/tex/latex/easy/easytable.sty
Document Style `easytable' v1.0 <2001/06/13>.
(/usr/share/texlive/texmf-dist/tex/latex/easy/easy.sty
Document Style `easy' v1.1 <2001/05/31>.
Package: easy 2001/05/31 v1.1
\@easy@level=\count494
\@easy@ncol=\count495
\@easy@nrow=\count496
\@easy@cnt=\count497
\@easy@boxviii=\box138
\@easy@minxviii=\dimen304
\@easy@minyviii=\dimen305
\@easy@maxxviii=\dimen306
\@easy@maxyviii=\dimen307
\@easy@boxvii=\box139
\@easy@minxvii=\dimen308
\@easy@minyvii=\dimen309
\@easy@maxxvii=\dimen310
\@easy@maxyvii=\dimen311
\@easy@boxvi=\box140
\@easy@minxvi=\dimen312
\@easy@minyvi=\dimen313
\@easy@maxxvi=\dimen314
\@easy@maxyvi=\dimen315
\@easy@boxv=\box141
\@easy@minxv=\dimen316
\@easy@minyv=\dimen317
\@easy@maxxv=\dimen318
\@easy@maxyv=\dimen319
\@easy@boxiv=\box142
\@easy@minxiv=\dimen320
\@easy@minyiv=\dimen321
\@easy@maxxiv=\dimen322
\@easy@maxyiv=\dimen323
\@easy@boxiii=\box143
\@easy@minxiii=\dimen324
\@easy@minyiii=\dimen325
\@easy@maxxiii=\dimen326
\@easy@maxyiii=\dimen327
\@easy@boxii=\box144
\@easy@minxii=\dimen328
\@easy@minyii=\dimen329
\@easy@maxxii=\dimen330
\@easy@maxyii=\dimen331
\@easy@boxi=\box145
\@easy@minxi=\dimen332
\@easy@minyi=\dimen333
\@easy@maxxi=\dimen334
\@easy@maxyi=\dimen335
\@easy@hsizexxx=\dimen336
\@easy@vsizexxx=\dimen337
\@easy@hsizexxix=\dimen338
\@easy@vsizexxix=\dimen339
\@easy@hsizexxviii=\dimen340
\@easy@vsizexxviii=\dimen341
\@easy@hsizexxvii=\dimen342
\@easy@vsizexxvii=\dimen343
\@easy@hsizexxvi=\dimen344
\@easy@vsizexxvi=\dimen345
\@easy@hsizexxv=\dimen346
\@easy@vsizexxv=\dimen347
\@easy@hsizexxiv=\dimen348
\@easy@vsizexxiv=\dimen349
\@easy@hsizexxiii=\dimen350
\@easy@vsizexxiii=\dimen351
\@easy@hsizexxii=\dimen352
\@easy@vsizexxii=\dimen353
\@easy@hsizexxi=\dimen354
\@easy@vsizexxi=\dimen355
\@easy@hsizexx=\dimen356
\@easy@vsizexx=\dimen357
\@easy@hsizexix=\dimen358
\@easy@vsizexix=\dimen359
\@easy@hsizexviii=\dimen360
\@easy@vsizexviii=\dimen361
\@easy@hsizexvii=\dimen362
\@easy@vsizexvii=\dimen363
\@easy@hsizexvi=\dimen364
\@easy@vsizexvi=\dimen365
\@easy@hsizexv=\dimen366
\@easy@vsizexv=\dimen367
\@easy@hsizexiv=\dimen368
\@easy@vsizexiv=\dimen369
\@easy@hsizexiii=\dimen370
\@easy@vsizexiii=\dimen371
\@easy@hsizexii=\dimen372
\@easy@vsizexii=\dimen373
\@easy@hsizexi=\dimen374
\@easy@vsizexi=\dimen375
\@easy@hsizex=\dimen376
\@easy@vsizex=\dimen377
\@easy@hsizeix=\dimen378
\@easy@vsizeix=\dimen379
\@easy@hsizeviii=\dimen380
\@easy@vsizeviii=\dimen381
\@easy@hsizevii=\dimen382
\@easy@vsizevii=\dimen383
\@easy@hsizevi=\dimen384
\@easy@vsizevi=\dimen385
\@easy@hsizev=\dimen386
\@easy@vsizev=\dimen387
\@easy@hsizeiv=\dimen388
\@easy@vsizeiv=\dimen389
\@easy@hsizeiii=\dimen390
\@easy@vsizeiii=\dimen391
\@easy@hsizeii=\dimen392
\@easy@vsizeii=\dimen393
\@easy@hsizei=\dimen394
\@easy@vsizei=\dimen395
\@easy@dash@len=\dimen396
\@easy@dash@sep=\dimen397
)
Package: easytable 2001/05/31v1.1
\@tab@size@rule=\dimen398
\@tab@size@dash=\dimen399
) (/usr/share/texlive/texmf-dist/tex/latex/siunitx/siunitx.sty
Package: siunitx 2020/02/25 v2.8b A comprehensive (SI) units package

(/usr/share/texlive/texmf-dist/tex/latex/tools/array.sty
Package: array 2020/10/01 v2.5c Tabular extension package (FMi)
\col@sep=\dimen400
\ar@mcellbox=\box146
\extrarowheight=\dimen401
\NC@list=\toks52
\extratabsurround=\skip174
\backup@length=\skip175
\ar@cellbox=\box147
)
(/usr/share/texlive/texmf-dist/tex/latex/l3packages/l3keys2e/l3keys2e.sty
Package: l3keys2e 2020-10-27 LaTeX2e option processing using LaTeX3 keys
)
\l__siunitx_tmp_box=\box148
\l__siunitx_tmp_dim=\dimen402
\l__siunitx_tmp_int=\count498
\l__siunitx_number_mantissa_length_int=\count499
\l__siunitx_number_uncert_length_int=\count500
\l__siunitx_round_int=\count501
\l__siunitx_process_decimal_int=\count502
\l__siunitx_process_uncertainty_int=\count503
\l__siunitx_process_fixed_int=\count504
\l__siunitx_process_integer_min_int=\count505
\l__siunitx_process_precision_int=\count506
\l__siunitx_group_min_int=\count507
\l__siunitx_angle_marker_box=\box149
\l__siunitx_angle_unit_box=\box150
\l__siunitx_angle_marker_dim=\dimen403
\l__siunitx_angle_unit_dim=\dimen404
\l__siunitx_unit_int=\count508
\l__siunitx_unit_denominator_int=\count509
\l__siunitx_unit_numerator_int=\count510
\l__siunitx_unit_prefix_int=\count511
\l__siunitx_unit_prefix_base_int=\count512
\l__siunitx_unit_prefix_gram_int=\count513
\l__siunitx_number_product_int=\count514
\c__siunitx_one_fill_skip=\skip176
\l__siunitx_table_unit_align_skip=\skip177
\l__siunitx_table_exponent_dim=\dimen405
\l__siunitx_table_integer_dim=\dimen406
\l__siunitx_table_mantissa_dim=\dimen407
\l__siunitx_table_marker_dim=\dimen408
\l__siunitx_table_result_dim=\dimen409
\l__siunitx_table_uncert_dim=\dimen410
\l__siunitx_table_fill_pre_dim=\dimen411
\l__siunitx_table_fill_post_dim=\dimen412
\l__siunitx_table_fill_mid_dim=\dimen413
\l__siunitx_table_pre_box=\box151
\l__siunitx_table_post_box=\box152
\l__siunitx_table_mantissa_box=\box153
\l__siunitx_table_result_box=\box154
\l__siunitx_table_number_align_skip=\skip178
\l__siunitx_table_text_align_skip=\skip179

(/usr/share/texlive/texmf-dist/tex/latex/translator/translator.sty
Package: translator 2020-08-03 v1.12c Easy translation of strings in LaTeX
))
(/usr/share/texlive/texmf-dist/tex/latex/setspace/setspace.sty
Package: setspace 2011/12/19 v6.7a set line spacing
)
\c@obs=\count515
\c@pro=\count516
\c@teor=\count517
\c@defn=\count518
Package csquotes Info: Checking for multilingual support...
Package csquotes Info: ... found 'babel' package.
Package csquotes Info: Adjusting default style.
Package csquotes Info: Redefining alias 'default' -> 'italian'.


LaTeX Warning: Unused global option(s):
    [15pt].

(./Tesi.aux (./Introduzione.aux) (./capitolo-HW.aux)
(./capitolo-Architettura.aux) (./capitolo-StimaModello.aux)
(./capitolo-ModelloMatematico.aux) (./capitolo-Controllo.aux)
(./conclusioni.aux) (./appendice.aux))
\openout1 = `Tesi.aux'.

LaTeX Font Info:    Checking defaults for OML/cmm/m/it on input line 230.
LaTeX Font Info:    ... okay on input line 230.
LaTeX Font Info:    Checking defaults for OMS/cmsy/m/n on input line 230.
LaTeX Font Info:    ... okay on input line 230.
LaTeX Font Info:    Checking defaults for OT1/cmr/m/n on input line 230.
LaTeX Font Info:    ... okay on input line 230.
LaTeX Font Info:    Checking defaults for T1/cmr/m/n on input line 230.
LaTeX Font Info:    ... okay on input line 230.
LaTeX Font Info:    Checking defaults for TS1/cmr/m/n on input line 230.
LaTeX Font Info:    ... okay on input line 230.
LaTeX Font Info:    Checking defaults for OMX/cmex/m/n on input line 230.
LaTeX Font Info:    ... okay on input line 230.
LaTeX Font Info:    Checking defaults for U/cmr/m/n on input line 230.
LaTeX Font Info:    ... okay on input line 230.
LaTeX Font Info:    Checking defaults for PD1/pdf/m/n on input line 230.
LaTeX Font Info:    ... okay on input line 230.
LaTeX Info: Redefining \it@ocap on input line 230.
LaTeX Info: Redefining \it@ccap on input line 230.

(/usr/share/texlive/texmf-dist/tex/context/base/mkii/supp-pdf.mkii
[Loading MPS to PDF converter (version 2006.09.02).]
\scratchcounter=\count519
\scratchdimen=\dimen414
\scratchbox=\box155
\nofMPsegments=\count520
\nofMParguments=\count521
\everyMPshowfont=\toks53
\MPscratchCnt=\count522
\MPscratchDim=\dimen415
\MPnumerator=\count523
\makeMPintoPDFobject=\count524
\everyMPtoPDFconversion=\toks54
) (/usr/share/texlive/texmf-dist/tex/latex/epstopdf-pkg/epstopdf-base.sty
Package: epstopdf-base 2020-01-24 v2.11 Base part for package epstopdf
Package epstopdf-base Info: Redefining graphics rule for `.eps' on input line 4
85.

(/usr/share/texlive/texmf-dist/tex/latex/latexconfig/epstopdf-sys.cfg
File: epstopdf-sys.cfg 2010/07/13 v1.3 Configuration of (r)epstopdf for TeX Liv
e
))
Package hyperref Info: Link coloring ON on input line 230.

(/usr/share/texlive/texmf-dist/tex/latex/hyperref/nameref.sty
Package: nameref 2019/09/16 v2.46 Cross-referencing by name of section

(/usr/share/texlive/texmf-dist/tex/latex/refcount/refcount.sty
Package: refcount 2019/12/15 v3.6 Data extraction from label references (HO)
)
(/usr/share/texlive/texmf-dist/tex/generic/gettitlestring/gettitlestring.sty
Package: gettitlestring 2019/12/15 v1.6 Cleanup title references (HO)
)
\c@section@level=\count525
)
LaTeX Info: Redefining \ref on input line 230.
LaTeX Info: Redefining \pageref on input line 230.
LaTeX Info: Redefining \nameref on input line 230.

(./Tesi.out) (./Tesi.out)
\@outlinefile=\write7
\openout7 = `Tesi.out'.

Package biblatex Info: Trying to load language 'italian'...
Package biblatex Info: ... file 'italian.lbx' found.

(/usr/share/texlive/texmf-dist/tex/latex/biblatex/lbx/italian.lbx
File: italian.lbx 2020/12/31 v3.16 biblatex localization (PK/MW)
)
Package biblatex Info: Input encoding 'utf8' detected.
Package biblatex Info: Automatic encoding selection.
(biblatex)             Assuming data encoding 'utf8'.
Package biblatex Info: Input encoding 'utf8' specified.
Package biblatex Info: Data encoding 'utf8' specified.
(biblatex)             No need to reencode data.
Package biblatex Info: Document encoding is UTF8 ....
Package biblatex Info: ... and expl3
(biblatex)             2021-01-09 L3 programming layer (loader) 
(biblatex)             is new enough (at least 2020/04/06),
(biblatex)             setting 'casechanger=expl3'.

(/usr/share/texlive/texmf-dist/tex/latex/biblatex/blx-case-expl3.sty
Package: blx-case-expl3 2020/12/31 v3.16 expl3 case changing code for biblatex
)
\openout3 = `Tesi-blx.bib'.

Package biblatex Info: Trying to load bibliographic data...
Package biblatex Info: ... file 'Tesi.bbl' found.

(./Tesi.bbl)
Package biblatex Info: Reference section=0 on input line 230.
Package biblatex Info: Reference segment=0 on input line 230.
\c@lstlisting=\count526
 ABD: EverySelectfont initializing macros
LaTeX Info: Redefining \selectfont on input line 230.

(/usr/share/texlive/texmf-dist/tex/latex/siunitx/siunitx-abbreviations.cfg
File: siunitx-abbreviations.cfg 2017/11/26 v2.7k siunitx: Abbreviated units
)
(/usr/share/texlive/texmf-dist/tex/latex/translator/translator-basic-dictionary
-English.dict
Dictionary: translator-basic-dictionary, Language: English 
)
LaTeX Font Info:    Trying to load font information for U+msa on input line 230
.
 (/usr/share/texlive/texmf-dist/tex/latex/amsfonts/umsa.fd
File: umsa.fd 2013/01/14 v3.01 AMS symbols A
)
LaTeX Font Info:    Trying to load font information for U+msb on input line 230
.

(/usr/share/texlive/texmf-dist/tex/latex/amsfonts/umsb.fd
File: umsb.fd 2013/01/14 v3.01 AMS symbols B
)
LaTeX Font Info:    Trying to load font information for U+lasy on input line 23
0.

(/usr/share/texlive/texmf-dist/tex/latex/base/ulasy.fd
File: ulasy.fd 1998/08/17 v2.2e LaTeX symbol font definitions
)
Package epstopdf Info: Source file: <Pictures/TorVergata_logo_cmyk.eps>
(epstopdf)                    date: 2021-09-27 11:23:21
(epstopdf)                    size: 32065 bytes
(epstopdf)             Output file: <Pictures/TorVergata_logo_cmyk-eps-converte
d-to.pdf>
(epstopdf)                    date: 2021-09-27 11:27:03
(epstopdf)                    size: 12231 bytes
(epstopdf)             Command: <repstopdf --outfile=Pictures/TorVergata_logo_c
myk-eps-converted-to.pdf Pictures/TorVergata_logo_cmyk.eps>
(epstopdf)             \includegraphics on input line 248.
Package epstopdf Info: Output file is already uptodate.
<Pictures/TorVergata_logo_cmyk-eps-converted-to.pdf, id=388, 454.69875pt x 104.
39pt>
File: Pictures/TorVergata_logo_cmyk-eps-converted-to.pdf Graphic file (type pdf
)
<use Pictures/TorVergata_logo_cmyk-eps-converted-to.pdf>
Package pdftex.def Info: Pictures/TorVergata_logo_cmyk-eps-converted-to.pdf  us
ed on input line 248.
(pdftex.def)             Requested size: 371.8216pt x 85.35826pt.
 [1

{/var/lib/texmf/fonts/map/pdftex/updmap/pdftex.map} <./Pictures/TorVergata_logo
_cmyk-eps-converted-to.pdf>]
Underfull \hbox (badness 10000) in paragraph at lines 248--248

 []

[2] (./Tesi.toc [1

] [2] [3])
\tf@toc=\write8
\openout8 = `Tesi.toc'.

 [4]
\openout2 = `Introduzione.aux'.

 (./Introduzione.tex
Underfull \hbox (badness 10000) in paragraph at lines 4--12

 []

pdfTeX warning (ext4): destination with the same identifier (name{page.1}) has 
been already used, duplicate ignored
<to be read again> 
                   \relax 
l.14 \chapter
             *{Introduzione} [1


]pdfTeX warning (ext4): destination with the same identifier (name{page.2}) has
 been already used, duplicate ignored
<to be read again> 
                   \relax 
l.33 	\item
            [Combustibile semi-inesauribile]:\\ [2

] [3] [4]
<Pictures//Introduzione/K-DEMO_device_core_design_features.jpg, id=533, 827.09p
t x 543.02875pt>
File: Pictures//Introduzione/K-DEMO_device_core_design_features.jpg Graphic fil
e (type jpg)
<use Pictures//Introduzione/K-DEMO_device_core_design_features.jpg>
Package pdftex.def Info: Pictures//Introduzione/K-DEMO_device_core_design_featu
res.jpg  used on input line 55.
(pdftex.def)             Requested size: 282.74734pt x 185.6382pt.
<Pictures//Introduzione/toro-big.png, id=534, 1505.625pt x 964.60374pt>
File: Pictures//Introduzione/toro-big.png Graphic file (type png)
<use Pictures//Introduzione/toro-big.png>
Package pdftex.def Info: Pictures//Introduzione/toro-big.png  used on input lin
e 65.
(pdftex.def)             Requested size: 282.74734pt x 181.14241pt.
 [5 <./Pictures//Introduzione/K-DEMO_device_core_design_features.jpg>]
Underfull \hbox (badness 10000) in paragraph at lines 67--82

 []


Underfull \vbox (badness 10000) detected at line 82
 []


Overfull \hbox (204.53186pt too wide) detected at line 82
[] []|[] []
 []


Underfull \vbox (badness 10000) detected at line 82
 []


Overfull \hbox (146.43481pt too wide) detected at line 82
[] []|[] []
 []

[6 <./Pictures//Introduzione/toro-big.png>]
<Pictures//Introduzione/ArchitetturaComplessiva.png, id=551, 1518.4228pt x 856.
70062pt>
File: Pictures//Introduzione/ArchitetturaComplessiva.png Graphic file (type png
)
<use Pictures//Introduzione/ArchitetturaComplessiva.png>
Package pdftex.def Info: Pictures//Introduzione/ArchitetturaComplessiva.png  us
ed on input line 95.
(pdftex.def)             Requested size: 435.0pt x 245.4302pt.
)
Underfull \hbox (badness 10000) in paragraph at lines 97--292

 []

[7 <./Pictures//Introduzione/ArchitetturaComplessiva.png (PNG copy)>]
\openout2 = `capitolo-HW.aux'.


(./capitolo-HW.tex
Capitolo 1.
[8




]
<Pictures//Trasformatore/tokamak_scheme.jpg, id=569, 803.0pt x 451.6875pt>
File: Pictures//Trasformatore/tokamak_scheme.jpg Graphic file (type jpg)
<use Pictures//Trasformatore/tokamak_scheme.jpg>
Package pdftex.def Info: Pictures//Trasformatore/tokamak_scheme.jpg  used on in
put line 22.
(pdftex.def)             Requested size: 435.0pt x 244.69331pt.

Underfull \hbox (badness 10000) in paragraph at lines 24--29

 []

[9 <./Pictures//Trasformatore/tokamak_scheme.jpg>]
Package mdframed Info: mdframed detected package amsthm 
 changed the theorem header of amsthm
(mdframed)              on input line 43.
Package mdframed Info: mdframed detected package amsthm 
 changed the theorem header of amsthm
(mdframed)              on input line 50.
Package mdframed Info: mdframed detected package amsthm 
 changed the theorem header of amsthm
(mdframed)              on input line 60.

Underfull \vbox (badness 10000) detected at line 73
 []


Underfull \vbox (badness 10000) detected at line 73
 []


Underfull \vbox (badness 10000) detected at line 73
 []


Underfull \vbox (badness 10000) detected at line 73
 []


Overfull \hbox (179.33496pt too wide) detected at line 73
[] []|[] []
 []


Underfull \hbox (badness 10000) in paragraph at lines 84--84
 
 []


Underfull \vbox (badness 10000) detected at line 84
 []


Underfull \vbox (badness 10000) detected at line 84
 []


Overfull \hbox (179.33496pt too wide) detected at line 84
[] []|[] []
 []

Package mdframed Info: Not enough space on this page on input line 98.
[10]
Package mdframed Info: Not enough space on this page on input line 98.
Package mdframed Info: mdframed detected package amsthm 
 changed the theorem header of amsthm
(mdframed)              on input line 102.

Underfull \hbox (badness 10000) in paragraph at lines 113--113
 
 []


Underfull \vbox (badness 10000) detected at line 113
 []


Underfull \vbox (badness 10000) detected at line 113
 []


Underfull \hbox (badness 10000) detected at line 113
[] []|[] []
 []


Underfull \hbox (badness 10000) in paragraph at lines 113--113
 
 []


Underfull \vbox (badness 10000) detected at line 113
 []


Underfull \vbox (badness 10000) detected at line 113
 []

[11]
Package mdframed Info: Not enough space on this page on input line 114.
<Pictures//Trasformatore/trasformatore.png, id=619, 1927.2pt x 1447.4075pt>
File: Pictures//Trasformatore/trasformatore.png Graphic file (type png)
<use Pictures//Trasformatore/trasformatore.png>
Package pdftex.def Info: Pictures//Trasformatore/trasformatore.png  used on inp
ut line 120.
(pdftex.def)             Requested size: 348.00133pt x 261.36136pt.
Package mdframed Info: mdframed detected package amsthm 
 changed the theorem header of amsthm
(mdframed)              on input line 123.

Underfull \hbox (badness 10000) in paragraph at lines 140--140
 
 []


Underfull \vbox (badness 10000) detected at line 140
 []


Underfull \vbox (badness 10000) detected at line 140
 []


Overfull \hbox (179.33496pt too wide) detected at line 140
[] []|[] []
 []


Underfull \hbox (badness 10000) in paragraph at lines 140--140
 
 []


Underfull \vbox (badness 10000) detected at line 140
 []


Underfull \vbox (badness 10000) detected at line 140
 []

Package mdframed Info: Not enough space on this page on input line 164.
[12 <./Pictures//Trasformatore/trasformatore.png>]
Package mdframed Info: Not enough space on this page on input line 164.
 [13]
<Pictures//Trasformatore/PlasmaCircuit-PlasmaCircuit.png, id=647, 2629.825pt x 
1289.81876pt>
File: Pictures//Trasformatore/PlasmaCircuit-PlasmaCircuit.png Graphic file (typ
e png)
<use Pictures//Trasformatore/PlasmaCircuit-PlasmaCircuit.png>
Package pdftex.def Info: Pictures//Trasformatore/PlasmaCircuit-PlasmaCircuit.pn
g  used on input line 177.
(pdftex.def)             Requested size: 435.0pt x 213.3423pt.
Package mdframed Info: mdframed detected package amsthm 
 changed the theorem header of amsthm
(mdframed)              on input line 180.
<Pictures//Trasformatore/PlasmaCircuit-EquivalentCalc.png, id=649, 3031.325pt x
 1294.8375pt>
File: Pictures//Trasformatore/PlasmaCircuit-EquivalentCalc.png Graphic file (ty
pe png)
<use Pictures//Trasformatore/PlasmaCircuit-EquivalentCalc.png>
Package pdftex.def Info: Pictures//Trasformatore/PlasmaCircuit-EquivalentCalc.p
ng  used on input line 196.
(pdftex.def)             Requested size: 435.0pt x 185.8005pt.
 [14 <./Pictures//Trasformatore/PlasmaCircuit-PlasmaCircuit.png>]
Package mdframed Info: mdframed detected package amsthm 
 changed the theorem header of amsthm
(mdframed)              on input line 200.
 [15 <./Pictures//Trasformatore/PlasmaCircuit-EquivalentCalc.png>]
Overfull \vbox (41.56644pt too high) detected at line 242
 []


Underfull \vbox (badness 10000) detected at line 242
 []


Overfull \vbox (16.56644pt too high) detected at line 242
 []


Underfull \vbox (badness 10000) detected at line 242
 []


Overfull \hbox (266.69313pt too wide) detected at line 242
[] []|[] []
 []

Package mdframed Info: mdframed detected package amsthm 
 changed the theorem header of amsthm
(mdframed)              on input line 244.
[16] [17]
Package mdframed Info: mdframed detected package amsthm 
 changed the theorem header of amsthm
(mdframed)              on input line 291.
Package mdframed Info: Not enough space on this page on input line 303.
<Pictures//Trasformatore/PlasmaCircuit-SchemaBlocchi.png, id=710, 1485.55pt x 3
11.1625pt>
File: Pictures//Trasformatore/PlasmaCircuit-SchemaBlocchi.png Graphic file (typ
e png)
<use Pictures//Trasformatore/PlasmaCircuit-SchemaBlocchi.png>
Package pdftex.def Info: Pictures//Trasformatore/PlasmaCircuit-SchemaBlocchi.pn
g  used on input line 319.
(pdftex.def)             Requested size: 435.0pt x 91.11317pt.
<Pictures//Trasformatore/PlasmaCircuit-MisureCircuit.png, id=713, 3733.95pt x 1
395.2125pt>
File: Pictures//Trasformatore/PlasmaCircuit-MisureCircuit.png Graphic file (typ
e png)
<use Pictures//Trasformatore/PlasmaCircuit-MisureCircuit.png>
Package pdftex.def Info: Pictures//Trasformatore/PlasmaCircuit-MisureCircuit.pn
g  used on input line 336.
(pdftex.def)             Requested size: 435.0pt x 162.52176pt.
 [18 <./Pictures//Trasformatore/PlasmaCircuit-SchemaBlocchi.png>]
[19 <./Pictures//Trasformatore/PlasmaCircuit-MisureCircuit.png>]
<Pictures//ACS770/ACS770-Fig.png, id=742, 703.87968pt x 280.04625pt>
File: Pictures//ACS770/ACS770-Fig.png Graphic file (type png)
<use Pictures//ACS770/ACS770-Fig.png>
Package pdftex.def Info: Pictures//ACS770/ACS770-Fig.png  used on input line 35
5.
(pdftex.def)             Requested size: 435.0pt x 173.06708pt.
 [20 <./Pictures//ACS770/ACS770-Fig.png>]
<Pictures//ACS770/effettoHall.png, id=753, 365.365pt x 374.39874pt>
File: Pictures//ACS770/effettoHall.png Graphic file (type png)
<use Pictures//ACS770/effettoHall.png>
Package pdftex.def Info: Pictures//ACS770/effettoHall.png  used on input line 3
99.
(pdftex.def)             Requested size: 217.5pt x 222.8757pt.
 [21 <./Pictures//ACS770/effettoHall.png>]
<Pictures//ACS770/ACS770-SchemaBlocchi.png, id=761, 737.00343pt x 525.46312pt>
File: Pictures//ACS770/ACS770-SchemaBlocchi.png Graphic file (type png)
<use Pictures//ACS770/ACS770-SchemaBlocchi.png>
Package pdftex.def Info: Pictures//ACS770/ACS770-SchemaBlocchi.png  used on inp
ut line 407.
(pdftex.def)             Requested size: 435.0pt x 310.14082pt.
 [22 <./Pictures//ACS770/ACS770-SchemaBlocchi.png (PNG copy)>]
<Pictures//ACS770/ACS770-Sensibilit.png, id=768, 642.14906pt x 555.57562pt>
File: Pictures//ACS770/ACS770-Sensibilit.png Graphic file (type png)
<use Pictures//ACS770/ACS770-Sensibilit.png>
Package pdftex.def Info: Pictures//ACS770/ACS770-Sensibilit.png  used on inpu
t line 416.
(pdftex.def)             Requested size: 282.74734pt x 244.63205pt.
<Pictures//ACS770/ACS770-NonLin.png, id=769, 735.74875pt x 439.6425pt>
File: Pictures//ACS770/ACS770-NonLin.png Graphic file (type png)
<use Pictures//ACS770/ACS770-NonLin.png>
Package pdftex.def Info: Pictures//ACS770/ACS770-NonLin.png  used on input line
 425.
(pdftex.def)             Requested size: 348.00133pt x 207.95355pt.
 [23 <./Pictures//ACS770/ACS770-Sensibilit.png (PNG copy)> <./Pictures//ACS77
0/ACS770-NonLin.png>]
<Pictures//ACS770/ACS770-Schema.png, id=777, 463.7325pt x 281.55188pt>
File: Pictures//ACS770/ACS770-Schema.png Graphic file (type png)
<use Pictures//ACS770/ACS770-Schema.png>
Package pdftex.def Info: Pictures//ACS770/ACS770-Schema.png  used on input line
 440.
(pdftex.def)             Requested size: 369.75266pt x 224.49857pt.

[24 <./Pictures//ACS770/ACS770-Schema.png (PNG copy)>] [25]
<Pictures//IBT-2/TopView.png, id=804, 1083.29718pt x 538.26094pt>
File: Pictures//IBT-2/TopView.png Graphic file (type png)
<use Pictures//IBT-2/TopView.png>
Package pdftex.def Info: Pictures//IBT-2/TopView.png  used on input line 492.
(pdftex.def)             Requested size: 435.0pt x 216.1383pt.
 [26 <./Pictures//IBT-2/TopView.png>]
<Pictures//IBT-2/elettricScheme.png, id=816, 563.60562pt x 396.48125pt>
File: Pictures//IBT-2/elettricScheme.png Graphic file (type png)
<use Pictures//IBT-2/elettricScheme.png>
Package pdftex.def Info: Pictures//IBT-2/elettricScheme.png  used on input line
 522.
(pdftex.def)             Requested size: 440.677pt x 310.0pt.

Overfull \hbox (5.677pt too wide) in paragraph at lines 522--523
 [][] 
 []

[27 <./Pictures//IBT-2/elettricScheme.png>] [28]
<Pictures//IBT-2/T1-Triangolare.pdf, id=829, 794.97pt x 614.295pt>
File: Pictures//IBT-2/T1-Triangolare.pdf Graphic file (type pdf)
<use Pictures//IBT-2/T1-Triangolare.pdf>
Package pdftex.def Info: Pictures//IBT-2/T1-Triangolare.pdf  used on input line
 548.
(pdftex.def)             Requested size: 401.18375pt x 310.0pt.
 [29 <./Pictures//IBT-2/T1-Triangolare.pdf>]
<Pictures//IBT-2/T2-RapidShot.pdf, id=872, 794.97pt x 614.295pt>
File: Pictures//IBT-2/T2-RapidShot.pdf Graphic file (type pdf)
<use Pictures//IBT-2/T2-RapidShot.pdf>
Package pdftex.def Info: Pictures//IBT-2/T2-RapidShot.pdf  used on input line 5
57.
(pdftex.def)             Requested size: 401.18375pt x 310.0pt.
) [30 <./Pictures//IBT-2/T2-RapidShot.pdf>]
\openout2 = `capitolo-Architettura.aux'.


(./capitolo-Architettura.tex
Capitolo 2.
<Pictures//Architettura/SystemArchitetture.png, id=920, 963.6pt x 542.025pt>
File: Pictures//Architettura/SystemArchitetture.png Graphic file (type png)
<use Pictures//Architettura/SystemArchitetture.png>
Package pdftex.def Info: Pictures//Architettura/SystemArchitetture.png  used on
 input line 16.
(pdftex.def)             Requested size: 435.0pt x 244.68643pt.
<Pictures//Architettura/ArduinoUno.png, id=922, 416.55624pt x 327.2225pt>
File: Pictures//Architettura/ArduinoUno.png Graphic file (type png)
<use Pictures//Architettura/ArduinoUno.png>
Package pdftex.def Info: Pictures//Architettura/ArduinoUno.png  used on input l
ine 25.
(pdftex.def)             Requested size: 217.5pt x 170.8557pt.
[31




 <./Pictures//Architettura/SystemArchitetture.png>] [32 <./Pictures//Architettu
ra/ArduinoUno.png>]
<Pictures//EMP/EMP-Logo-Background.png, id=937, 385.44pt x 243.15843pt>
File: Pictures//EMP/EMP-Logo-Background.png Graphic file (type png)
<use Pictures//EMP/EMP-Logo-Background.png>
Package pdftex.def Info: Pictures//EMP/EMP-Logo-Background.png  used on input l
ine 41.
(pdftex.def)             Requested size: 348.00133pt x 219.5381pt.
 [33 <./Pictures//EMP/EMP-Logo-Background.png>]
<Pictures//EMP/Cobs_encoding_with_example.png, id=951, 1498.59875pt x 125.46875
pt>
File: Pictures//EMP/Cobs_encoding_with_example.png Graphic file (type png)
<use Pictures//EMP/Cobs_encoding_with_example.png>
Package pdftex.def Info: Pictures//EMP/Cobs_encoding_with_example.png  used on 
input line 64.
(pdftex.def)             Requested size: 435.0pt x 36.41945pt.
<Pictures//EMP/Cobs_encoding_with_example-dist.png, id=952, 512.022pt x 79.716p
t>
File: Pictures//EMP/Cobs_encoding_with_example-dist.png Graphic file (type png)

<use Pictures//EMP/Cobs_encoding_with_example-dist.png>
Package pdftex.def Info: Pictures//EMP/Cobs_encoding_with_example-dist.png  use
d on input line 83.
(pdftex.def)             Requested size: 435.0pt x 67.72728pt.
LaTeX Font Info:    Trying to load font information for T1+cmtt on input line 8
7.

(/usr/share/texlive/texmf-dist/tex/latex/base/t1cmtt.fd
File: t1cmtt.fd 2019/12/16 v2.5j Standard LaTeX font definitions
) [34 <./Pictures//EMP/Cobs_encoding_with_example.png> <./Pictures//EMP/Cobs_en
coding_with_example-dist.png>] [35] [36]
<Pictures//EMP/EMP-Hierarchy.png, id=992, 1363.0122pt x 933.7284pt>
File: Pictures//EMP/EMP-Hierarchy.png Graphic file (type png)
<use Pictures//EMP/EMP-Hierarchy.png>
Package pdftex.def Info: Pictures//EMP/EMP-Hierarchy.png  used on input line 14
4.
(pdftex.def)             Requested size: 435.0pt x 297.98708pt.

Underfull \hbox (badness 10000) in paragraph at lines 146--149

 []

[37 <./Pictures//EMP/EMP-Hierarchy.png (PNG copy)>] [38]
<Pictures//EMP/Message Pack Sending Flow.png, id=1007, 646.0938pt x 531.1845pt>

File: Pictures//EMP/Message Pack Sending Flow.png Graphic file (type png)
<use Pictures//EMP/Message Pack Sending Flow.png>
Package pdftex.def Info: Pictures//EMP/Message Pack Sending Flow.png  used on i
nput line 174.
(pdftex.def)             Requested size: 435.0pt x 357.65059pt.

Underfull \hbox (badness 10000) in paragraph at lines 176--179

 []

[39 <./Pictures//EMP/Message Pack Sending Flow.png (PNG copy)>]
<Pictures//EMP/TestFlow.png, id=1017, 2473.24pt x 1682.285pt>
File: Pictures//EMP/TestFlow.png Graphic file (type png)
<use Pictures//EMP/TestFlow.png>
Package pdftex.def Info: Pictures//EMP/TestFlow.png  used on input line 185.
(pdftex.def)             Requested size: 348.00133pt x 236.6991pt.
 [40 <./Pictures//EMP/TestFlow.png>]
<Pictures//Trasformatore/PlasmaCircuit-MisureCircuitOffset.png, id=1033, 3733.9
5pt x 1595.9625pt>
File: Pictures//Trasformatore/PlasmaCircuit-MisureCircuitOffset.png Graphic fil
e (type png)
<use Pictures//Trasformatore/PlasmaCircuit-MisureCircuitOffset.png>
Package pdftex.def Info: Pictures//Trasformatore/PlasmaCircuit-MisureCircuitOff
set.png  used on input line 201.
(pdftex.def)             Requested size: 435.0pt x 185.90619pt.

Overfull \hbox (6.64215pt too wide) in paragraph at lines 194--202
\T1/cmr/m/n/10 Per co-mu-ni-ca-re i Sam-ple (e ri-ce-ve-re le Re-fe-ren-ce)  s
ta-ta usa-ta Em-bed-ded Mes-sa-ge Pack(EMP)(Sezione
 []

[41 <./Pictures//Trasformatore/PlasmaCircuit-MisureCircuitOffset.png>]

Package hyperref Warning: Token not allowed in a PDF string (PDFDocEncoding):
(hyperref)                removing `math shift' on input line 207.


Package hyperref Warning: Token not allowed in a PDF string (PDFDocEncoding):
(hyperref)                removing `\mu' on input line 207.


Package hyperref Warning: Token not allowed in a PDF string (PDFDocEncoding):
(hyperref)                removing `math shift' on input line 207.


Package hyperref Warning: Token not allowed in a PDF string (PDFDocEncoding):
(hyperref)                removing `math shift' on input line 207.


Package hyperref Warning: Token not allowed in a PDF string (PDFDocEncoding):
(hyperref)                removing `\Leftrightarrow' on input line 207.


Package hyperref Warning: Token not allowed in a PDF string (PDFDocEncoding):
(hyperref)                removing `math shift' on input line 207.

(/usr/share/texlive/texmf-dist/tex/latex/listings/lstlang1.sty
File: lstlang1.sty 2020/03/24 1.8d listings language file
)
(/usr/share/texlive/texmf-dist/tex/latex/listings/lstlang1.sty
File: lstlang1.sty 2020/03/24 1.8d listings language file
)
(/usr/share/texlive/texmf-dist/tex/latex/listings/lstmisc.sty
File: lstmisc.sty 2020/03/24 1.8d (Carsten Heinz)
)
Package hyperref Info: bookmark level for unknown lstlisting defaults to 0 on i
nput line 209.
 [42] [43])
[44]
\openout2 = `capitolo-StimaModello.aux'.

 (./capitolo-StimaModello.tex
Capitolo 3.
[45




]
<Pictures//Stime/T2-RapidShot-autoExt.pdf, id=1130, 794.97pt x 614.295pt>
File: Pictures//Stime/T2-RapidShot-autoExt.pdf Graphic file (type pdf)
<use Pictures//Stime/T2-RapidShot-autoExt.pdf>
Package pdftex.def Info: Pictures//Stime/T2-RapidShot-autoExt.pdf  used on inpu
t line 46.
(pdftex.def)             Requested size: 435.0pt x 336.14796pt.
 [46] [47 <./Pictures//Stime/T2-RapidShot-autoExt.pdf>]
<Pictures//Stime/T2-RapidShot-manualExt.pdf, id=1173, 794.97pt x 614.295pt>
File: Pictures//Stime/T2-RapidShot-manualExt.pdf Graphic file (type pdf)
<use Pictures//Stime/T2-RapidShot-manualExt.pdf>
Package pdftex.def Info: Pictures//Stime/T2-RapidShot-manualExt.pdf  used on in
put line 78.
(pdftex.def)             Requested size: 435.0pt x 336.14796pt.
 [48 <./Pictures//Stime/T2-RapidShot-manualExt.pdf>]
<Pictures//Stime/E01-EstimateShot-manual-1.pdf, id=1205, 794.97pt x 614.295pt>
File: Pictures//Stime/E01-EstimateShot-manual-1.pdf Graphic file (type pdf)
<use Pictures//Stime/E01-EstimateShot-manual-1.pdf>
Package pdftex.def Info: Pictures//Stime/E01-EstimateShot-manual-1.pdf  used on
 input line 89.
(pdftex.def)             Requested size: 391.49734pt x 302.52567pt.
<Pictures//Stime/E01-EstimateShot-manual-2.pdf, id=1206, 794.97pt x 614.295pt>
File: Pictures//Stime/E01-EstimateShot-manual-2.pdf Graphic file (type pdf)
<use Pictures//Stime/E01-EstimateShot-manual-2.pdf>
Package pdftex.def Info: Pictures//Stime/E01-EstimateShot-manual-2.pdf  used on
 input line 95.
(pdftex.def)             Requested size: 391.49734pt x 302.52567pt.
<Pictures//Stime/E01-EstimateShot-manual-3.pdf, id=1207, 794.97pt x 614.295pt>
File: Pictures//Stime/E01-EstimateShot-manual-3.pdf Graphic file (type pdf)
<use Pictures//Stime/E01-EstimateShot-manual-3.pdf>
Package pdftex.def Info: Pictures//Stime/E01-EstimateShot-manual-3.pdf  used on
 input line 101.
(pdftex.def)             Requested size: 391.49734pt x 302.52567pt.
 [49 <./Pictures//Stime/E01-EstimateShot-manual-1.pdf>] [50 <./Pictures//Stime/
E01-EstimateShot-manual-2.pdf> <./Pictures//Stime/E01-EstimateShot-manual-3.pdf
>]) [51]
\openout2 = `capitolo-ModelloMatematico.aux'.

 (./capitolo-ModelloMatematico.tex
Capitolo 4.
<Pictures//ModelloMatematico/SchemiBlocchi.png, id=1294, 3006.23125pt x 496.856
25pt>
File: Pictures//ModelloMatematico/SchemiBlocchi.png Graphic file (type png)
<use Pictures//ModelloMatematico/SchemiBlocchi.png>
Package pdftex.def Info: Pictures//ModelloMatematico/SchemiBlocchi.png  used on
 input line 15.
(pdftex.def)             Requested size: 435.0pt x 71.89447pt.
[52




 <./Pictures//ModelloMatematico/SchemiBlocchi.png>]
<Pictures//ModelloMatematico/SchemiBlocchi-SchemaBlocchiV2Out.png, id=1303, 350
8.10625pt x 496.85625pt>
File: Pictures//ModelloMatematico/SchemiBlocchi-SchemaBlocchiV2Out.png Graphic 
file (type png)
<use Pictures//ModelloMatematico/SchemiBlocchi-SchemaBlocchiV2Out.png>
Package pdftex.def Info: Pictures//ModelloMatematico/SchemiBlocchi-SchemaBlocch
iV2Out.png  used on input line 43.
(pdftex.def)             Requested size: 435.0pt x 61.60649pt.
 [53 <./Pictures//ModelloMatematico/SchemiBlocchi-SchemaBlocchiV2Out.png>]
Package mdframed Info: mdframed detected package amsthm 
 changed the theorem header of amsthm
(mdframed)              on input line 50.
Package mdframed Info: mdframed detected package amsthm 
 changed the theorem header of amsthm
(mdframed)              on input line 57.
 [54]
Underfull \hbox (badness 10000) in paragraph at lines 74--84

 []


Overfull \vbox (15.44814pt too high) detected at line 84
 []


Underfull \hbox (badness 10000) detected at line 84
[] []|[] []
 []


Underfull \vbox (badness 10000) detected at line 84
 []


Overfull \hbox (228.88112pt too wide) detected at line 84
[] []|[] []
 []


Overfull \vbox (13.86479pt too high) detected at line 93
 []


Underfull \hbox (badness 10000) detected at line 93
[] []|[] []
 []


Underfull \vbox (badness 10000) detected at line 93
 []


Overfull \hbox (228.88112pt too wide) detected at line 93
[] []|[] []
 []

Package mdframed Info: mdframed detected package amsthm 
 changed the theorem header of amsthm
(mdframed)              on input line 100.

Underfull \hbox (badness 10000) in paragraph at lines 101--119

 []


Overfull \hbox (42.9628pt too wide) detected at line 119
[]
 []


Overfull \hbox (73.4155pt too wide) detected at line 119
[]
 []


Overfull \hbox (2.28362pt too wide) detected at line 119
[]
 []


Overfull \hbox (300.38899pt too wide) detected at line 119
[] []|[] []
 []


Underfull \hbox (badness 10000) in paragraph at lines 121--122

 []


Overfull \hbox (43.6337pt too wide) detected at line 140
[]
 []


Overfull \hbox (74.0864pt too wide) detected at line 140
[]
 []


Overfull \hbox (2.95451pt too wide) detected at line 140
[]
 []


Overfull \hbox (300.38899pt too wide) detected at line 140
[] []|[] []
 []

[55]
Package mdframed Info: mdframed detected package amsthm 
 changed the theorem header of amsthm
(mdframed)              on input line 180.
 [56]
Underfull \hbox (badness 10000) in paragraph at lines 188--198

 []


Package vwcol Warning: 
  Total width of columns plus their separations is greater than the linewidth
  (by 455.24408pt - 435.0pt = 20.24408pt)
This warning occurred on input line 198.


Overfull \vbox (15.44814pt too high) detected at line 198
 []


Underfull \hbox (badness 10000) detected at line 198
[] []|[] []
 []


Underfull \vbox (badness 10000) detected at line 198
 []


Overfull \hbox (207.37796pt too wide) detected at line 198
[] []|[] []
 []


Overfull \hbox (20.24408pt too wide) in paragraph at lines 198--198
[]  
 []

[57]
<Pictures//ModelloMatematico/systemSimulink.png, id=1391, 1594.45688pt x 798.73
407pt>
File: Pictures//ModelloMatematico/systemSimulink.png Graphic file (type png)
<use Pictures//ModelloMatematico/systemSimulink.png>
Package pdftex.def Info: Pictures//ModelloMatematico/systemSimulink.png  used o
n input line 225.
(pdftex.def)             Requested size: 435.0pt x 217.90361pt.

Underfull \hbox (badness 10000) in paragraph at lines 227--231

 []

[58 <./Pictures//ModelloMatematico/systemSimulink.png (PNG copy)>]
<Pictures//ModelloMatematico/Simulation-cBaseSim.pdf, id=1399, 794.97pt x 614.2
95pt>
File: Pictures//ModelloMatematico/Simulation-cBaseSim.pdf Graphic file (type pd
f)
<use Pictures//ModelloMatematico/Simulation-cBaseSim.pdf>
Package pdftex.def Info: Pictures//ModelloMatematico/Simulation-cBaseSim.pdf  u
sed on input line 243.
(pdftex.def)             Requested size: 435.0pt x 336.14796pt.
 [59 <./Pictures//ModelloMatematico/Simulation-cBaseSim.pdf>]
<Pictures//ModelloMatematico/Simulation-cSim-K_p=0-K_1=0-K_2=100.pdf, id=1426, 
794.97pt x 614.295pt>
File: Pictures//ModelloMatematico/Simulation-cSim-K_p=0-K_1=0-K_2=100.pdf Graph
ic file (type pdf)
<use Pictures//ModelloMatematico/Simulation-cSim-K_p=0-K_1=0-K_2=100.pdf>
Package pdftex.def Info: Pictures//ModelloMatematico/Simulation-cSim-K_p=0-K_1=
0-K_2=100.pdf  used on input line 259.
(pdftex.def)             Requested size: 435.0pt x 336.14796pt.
<Pictures//ModelloMatematico/Simulation-cSim-K_p=0-K_1=10-K_2=100.pdf, id=1427,
 794.97pt x 614.295pt>
File: Pictures//ModelloMatematico/Simulation-cSim-K_p=0-K_1=10-K_2=100.pdf Grap
hic file (type pdf)
<use Pictures//ModelloMatematico/Simulation-cSim-K_p=0-K_1=10-K_2=100.pdf>
Package pdftex.def Info: Pictures//ModelloMatematico/Simulation-cSim-K_p=0-K_1=
10-K_2=100.pdf  used on input line 269.
(pdftex.def)             Requested size: 435.0pt x 336.14796pt.
 [60 <./Pictures//ModelloMatematico/Simulation-cSim-K_p=0-K_1=0-K_2=100.pdf>] [
61 <./Pictures//ModelloMatematico/Simulation-cSim-K_p=0-K_1=10-K_2=100.pdf>]
<Pictures//ModelloMatematico/Simulation-cSim-K_p=0-K_1=100-K_2=500.pdf, id=1492
, 794.97pt x 614.295pt>
File: Pictures//ModelloMatematico/Simulation-cSim-K_p=0-K_1=100-K_2=500.pdf Gra
phic file (type pdf)
<use Pictures//ModelloMatematico/Simulation-cSim-K_p=0-K_1=100-K_2=500.pdf>
Package pdftex.def Info: Pictures//ModelloMatematico/Simulation-cSim-K_p=0-K_1=
100-K_2=500.pdf  used on input line 280.
(pdftex.def)             Requested size: 435.0pt x 336.14796pt.
 [62 <./Pictures//ModelloMatematico/Simulation-cSim-K_p=0-K_1=100-K_2=500.pdf>]
<Pictures//ModelloMatematico/Simulation-cSim-K_p=0.2-K_1=100-K_2=500.pdf, id=15
24, 794.97pt x 614.295pt>
File: Pictures//ModelloMatematico/Simulation-cSim-K_p=0.2-K_1=100-K_2=500.pdf G
raphic file (type pdf)
<use Pictures//ModelloMatematico/Simulation-cSim-K_p=0.2-K_1=100-K_2=500.pdf>
Package pdftex.def Info: Pictures//ModelloMatematico/Simulation-cSim-K_p=0.2-K_
1=100-K_2=500.pdf  used on input line 292.
(pdftex.def)             Requested size: 435.0pt x 336.14796pt.
 [63 <./Pictures//ModelloMatematico/Simulation-cSim-K_p=0.2-K_1=100-K_2=500.pdf
>]
<Pictures//ModelloMatematico/Simulation-cSim-K_p=0.8-K_1=100-K_2=500.pdf, id=15
56, 794.97pt x 614.295pt>
File: Pictures//ModelloMatematico/Simulation-cSim-K_p=0.8-K_1=100-K_2=500.pdf G
raphic file (type pdf)
<use Pictures//ModelloMatematico/Simulation-cSim-K_p=0.8-K_1=100-K_2=500.pdf>
Package pdftex.def Info: Pictures//ModelloMatematico/Simulation-cSim-K_p=0.8-K_
1=100-K_2=500.pdf  used on input line 304.
(pdftex.def)             Requested size: 435.0pt x 336.14796pt.
 [64 <./Pictures//ModelloMatematico/Simulation-cSim-K_p=0.8-K_1=100-K_2=500.pdf
>]
LaTeX Font Info:    Font shape `U/lasy/b/n' in size <7> not available
(Font)              Font shape `U/lasy/m/n' tried instead on input line 316.
LaTeX Font Info:    Font shape `U/lasy/b/n' in size <5> not available
(Font)              Font shape `U/lasy/m/n' tried instead on input line 316.
) [65]
\openout2 = `capitolo-Controllo.aux'.


(./capitolo-Controllo.tex
Capitolo 5.
<Pictures//ImpiantoReale.jpg, id=1598, 1284.8pt x 722.7pt>
File: Pictures//ImpiantoReale.jpg Graphic file (type jpg)
<use Pictures//ImpiantoReale.jpg>
Package pdftex.def Info: Pictures//ImpiantoReale.jpg  used on input line 13.
(pdftex.def)             Requested size: 435.0pt x 244.68918pt.
[66




 <./Pictures//ImpiantoReale.jpg>] [67]
<Pictures//Controllo/zoh-apply-Big.png, id=1613, 3528.18124pt x 1003.75pt>
File: Pictures//Controllo/zoh-apply-Big.png Graphic file (type png)
<use Pictures//Controllo/zoh-apply-Big.png>
Package pdftex.def Info: Pictures//Controllo/zoh-apply-Big.png  used on input l
ine 30.
(pdftex.def)             Requested size: 435.0pt x 123.75305pt.
<Pictures//Controllo/SegnaliDiscretiContinui-v2-Big.png, id=1614, 5737.435pt x 
1003.75pt>
File: Pictures//Controllo/SegnaliDiscretiContinui-v2-Big.png Graphic file (type
 png)
<use Pictures//Controllo/SegnaliDiscretiContinui-v2-Big.png>
Package pdftex.def Info: Pictures//Controllo/SegnaliDiscretiContinui-v2-Big.png
  used on input line 38.
(pdftex.def)             Requested size: 435.0pt x 76.08974pt.
 [68 <./Pictures//Controllo/zoh-apply-Big.png> <./Pictures//Controllo/SegnaliDi
scretiContinui-v2-Big.png>]

LaTeX Font Warning: Command \small invalid in math mode on input line 80.


LaTeX Font Warning: Command \small invalid in math mode on input line 83.


Overfull \hbox (0.56879pt too wide) in paragraph at lines 49--108
 [][] 
 []

[69]
<Pictures//Controllo/02-Bi-FrontCapture.pdf, id=1644, 794.97pt x 614.295pt>
File: Pictures//Controllo/02-Bi-FrontCapture.pdf Graphic file (type pdf)
<use Pictures//Controllo/02-Bi-FrontCapture.pdf>
Package pdftex.def Info: Pictures//Controllo/02-Bi-FrontCapture.pdf  used on in
put line 136.
(pdftex.def)             Requested size: 435.0pt x 336.14796pt.
 [70]
<Pictures//Controllo/03-PosNeg-capture.pdf, id=1652, 794.97pt x 614.295pt>
File: Pictures//Controllo/03-PosNeg-capture.pdf Graphic file (type pdf)
<use Pictures//Controllo/03-PosNeg-capture.pdf>
Package pdftex.def Info: Pictures//Controllo/03-PosNeg-capture.pdf  used on inp
ut line 147.
(pdftex.def)             Requested size: 435.0pt x 336.14796pt.
 [71 <./Pictures//Controllo/02-Bi-FrontCapture.pdf>]
Underfull \hbox (badness 10000) in paragraph at lines 149--151

 []

[72 <./Pictures//Controllo/03-PosNeg-capture.pdf>]
<Pictures//Controllo/01-RandomCapture.pdf, id=1708, 794.97pt x 614.295pt>
File: Pictures//Controllo/01-RandomCapture.pdf Graphic file (type pdf)
<use Pictures//Controllo/01-RandomCapture.pdf>
Package pdftex.def Info: Pictures//Controllo/01-RandomCapture.pdf  used on inpu
t line 159.
(pdftex.def)             Requested size: 435.0pt x 336.14796pt.
) [73 <./Pictures//Controllo/01-RandomCapture.pdf>]
\openout2 = `conclusioni.aux'.

 (./conclusioni.tex
Capitolo 6.

Underfull \hbox (badness 10000) in paragraph at lines 3--7

 []

[74




]) [75]
\openout2 = `appendice.aux'.

 (./appendice.tex [76




] [77] [78] [79] [80] [81] [82] [83]
Underfull \hbox (badness 10000) in paragraph at lines 342--343

 []

[84

]
Underfull \hbox (badness 10000) in paragraph at lines 363--365

 []

[85] (/usr/share/texlive/texmf-dist/tex/latex/listings/lstlang1.sty
File: lstlang1.sty 2020/03/24 1.8d listings language file
) [86

]
[87] [88]) [89] (./Tesi.lof [90



] [91])
\tf@lof=\write9
\openout9 = `Tesi.lof'.

 [92] (./Tesi.lot)
\tf@lot=\write10
\openout10 = `Tesi.lot'.

 [93

] (./Tesi.lol
[94

])
\tf@lol=\write11
\openout11 = `Tesi.lol'.

 [95]
Overfull \hbox (11.14105pt too wide) in paragraph at lines 346--346
\T1/cmtt/m/n/10 RdO + 2015 % 2FSLIDES + %26 + AUDIO % 2F13 + Diagnostiche + Mag
netiche + %28Cianfarani % 29 % 2FMagnetic +
 []

[96

]
\Changes@OutFile=\write12
\openout12 = `Tesi.soc'.

\tf@loc=\write13
\openout13 = `Tesi.loc'.

 [97] (./Tesi.aux (./Introduzione.aux) (./capitolo-HW.aux)
(./capitolo-Architettura.aux) (./capitolo-StimaModello.aux)
(./capitolo-ModelloMatematico.aux) (./capitolo-Controllo.aux)
(./conclusioni.aux) (./appendice.aux))
Package rerunfilecheck Info: File `Tesi.out' has not changed.
(rerunfilecheck)             Checksum: AACCB460B8858DA92F70D4A50C922F0D;6250.
Package logreq Info: Writing requests to 'Tesi.run.xml'.
\openout1 = `Tesi.run.xml'.

 ) 
Here is how much of TeX's memory you used:
 41775 strings out of 479304
 832793 string characters out of 5869779
 1878906 words of memory out of 5000000
 57158 multiletter control sequences out of 15000+600000
 441033 words of font info for 135 fonts, out of 8000000 for 9000
 1141 hyphenation exceptions out of 8191
 117i,25n,127p,1855b,2468s stack positions out of 5000i,500n,10000p,200000b,80000s
pdfTeX warning (dest): name{Hfootnote.5} has been referenced but does not exi
st, replaced by a fixed one

pdfTeX warning (dest): name{Hfootnote.4} has been referenced but does not exist
, replaced by a fixed one

pdfTeX warning (dest): name{Hfootnote.3} has been referenced but does not exist
, replaced by a fixed one

pdfTeX warning (dest): name{Hfootnote.2} has been referenced but does not exist
, replaced by a fixed one

pdfTeX warning (dest): name{Hfootnote.1} has been referenced but does not exist
, replaced by a fixed one

{/usr/share/texmf/fonts/enc/dvips/cm-super/cm-super-t1.enc}{/usr/share/texmf/fo
nts/enc/dvips/cm-super/cm-super-ts1.enc}</usr/share/texlive/texmf-dist/fonts/ty
pe1/public/amsfonts/cm/cmbx7.pfb></usr/share/texlive/texmf-dist/fonts/type1/pub
lic/amsfonts/cm/cmex10.pfb></usr/share/texlive/texmf-dist/fonts/type1/public/am
sfonts/cm/cmmi10.pfb></usr/share/texlive/texmf-dist/fonts/type1/public/amsfonts
/cm/cmmi12.pfb></usr/share/texlive/texmf-dist/fonts/type1/public/amsfonts/cm/cm
mi5.pfb></usr/share/texlive/texmf-dist/fonts/type1/public/amsfonts/cm/cmmi6.pfb
></usr/share/texlive/texmf-dist/fonts/type1/public/amsfonts/cm/cmmi7.pfb></usr/
share/texlive/texmf-dist/fonts/type1/public/amsfonts/cm/cmmi8.pfb></usr/share/t
exlive/texmf-dist/fonts/type1/public/amsfonts/cm/cmmi9.pfb></usr/share/texlive/
texmf-dist/fonts/type1/public/amsfonts/cm/cmmib10.pfb></usr/share/texlive/texmf
-dist/fonts/type1/public/amsfonts/cmextra/cmmib7.pfb></usr/share/texlive/texmf-
dist/fonts/type1/public/amsfonts/cm/cmr10.pfb></usr/share/texlive/texmf-dist/fo
nts/type1/public/amsfonts/cm/cmr12.pfb></usr/share/texlive/texmf-dist/fonts/typ
e1/public/amsfonts/cm/cmr17.pfb></usr/share/texlive/texmf-dist/fonts/type1/publ
ic/amsfonts/cm/cmr5.pfb></usr/share/texlive/texmf-dist/fonts/type1/public/amsfo
nts/cm/cmr6.pfb></usr/share/texlive/texmf-dist/fonts/type1/public/amsfonts/cm/c
mr7.pfb></usr/share/texlive/texmf-dist/fonts/type1/public/amsfonts/cm/cmr8.pfb>
</usr/share/texlive/texmf-dist/fonts/type1/public/amsfonts/cm/cmr9.pfb></usr/sh
are/texlive/texmf-dist/fonts/type1/public/amsfonts/cm/cmsy10.pfb></usr/share/te
xlive/texmf-dist/fonts/type1/public/amsfonts/cm/cmsy5.pfb></usr/share/texlive/t
exmf-dist/fonts/type1/public/amsfonts/cm/cmsy6.pfb></usr/share/texlive/texmf-di
st/fonts/type1/public/amsfonts/cm/cmsy7.pfb></usr/share/texlive/texmf-dist/font
s/type1/public/amsfonts/cm/cmsy8.pfb></usr/share/texlive/texmf-dist/fonts/type1
/public/amsfonts/latxfont/line10.pfb></usr/share/texlive/texmf-dist/fonts/type1
/public/amsfonts/symbols/msam10.pfb></usr/share/texlive/texmf-dist/fonts/type1/
public/amsfonts/symbols/msam7.pfb></usr/share/texlive/texmf-dist/fonts/type1/pu
blic/amsfonts/symbols/msbm10.pfb></usr/share/texmf/fonts/type1/public/cm-super/
sfbi1000.pfb></usr/share/texmf/fonts/type1/public/cm-super/sfbi1200.pfb></usr/s
hare/texmf/fonts/type1/public/cm-super/sfbi1440.pfb></usr/share/texmf/fonts/typ
e1/public/cm-super/sfbx0800.pfb></usr/share/texmf/fonts/type1/public/cm-super/s
fbx1000.pfb></usr/share/texmf/fonts/type1/public/cm-super/sfbx1200.pfb></usr/sh
are/texmf/fonts/type1/public/cm-super/sfbx1440.pfb></usr/share/texmf/fonts/type
1/public/cm-super/sfbx2074.pfb></usr/share/texmf/fonts/type1/public/cm-super/sf
bx2488.pfb></usr/share/texmf/fonts/type1/public/cm-super/sfcc1000.pfb></usr/sha
re/texmf/fonts/type1/public/cm-super/sfrm0500.pfb></usr/share/texmf/fonts/type1
/public/cm-super/sfrm0600.pfb></usr/share/texmf/fonts/type1/public/cm-super/sfr
m0700.pfb></usr/share/texmf/fonts/type1/public/cm-super/sfrm0800.pfb></usr/shar
e/texmf/fonts/type1/public/cm-super/sfrm0900.pfb></usr/share/texmf/fonts/type1/
public/cm-super/sfrm1000.pfb></usr/share/texmf/fonts/type1/public/cm-super/sfrm
1200.pfb></usr/share/texmf/fonts/type1/public/cm-super/sfrm1440.pfb></usr/share
/texmf/fonts/type1/public/cm-super/sfrm1728.pfb></usr/share/texmf/fonts/type1/p
ublic/cm-super/sfti0900.pfb></usr/share/texmf/fonts/type1/public/cm-super/sfti1
000.pfb></usr/share/texmf/fonts/type1/public/cm-super/sftt1000.pfb>
Output written on Tesi.pdf (103 pages, 11575250 bytes).
PDF statistics:
 2778 PDF objects out of 2984 (max. 8388607)
 2498 compressed objects within 25 object streams
 900 named destinations out of 1000 (max. 500000)
 1090 words of extra memory for PDF output out of 10000 (max. 10000000)

